{"C:\\Users\\udochukwu\\Desktop\\we-connect\\server\\src\\tests\\BusinessControllerTest\\BusinessControllerTest.js":{"path":"C:\\Users\\udochukwu\\Desktop\\we-connect\\server\\src\\tests\\BusinessControllerTest\\BusinessControllerTest.js","statementMap":{"0":{"start":{"line":3,"column":12},"end":{"line":3,"column":27}},"1":{"start":{"line":5,"column":13},"end":{"line":5,"column":42}},"2":{"start":{"line":7,"column":16},"end":{"line":7,"column":36}},"3":{"start":{"line":9,"column":17},"end":{"line":9,"column":50}},"4":{"start":{"line":11,"column":11},"end":{"line":11,"column":31}},"5":{"start":{"line":13,"column":12},"end":{"line":13,"column":40}},"6":{"start":{"line":15,"column":21},"end":{"line":15,"column":65}},"7":{"start":{"line":17,"column":39},"end":{"line":17,"column":93}},"8":{"start":{"line":19,"column":13},"end":{"line":19,"column":36}},"9":{"start":{"line":20,"column":0},"end":{"line":20,"column":39}},"10":{"start":{"line":21,"column":0},"end":{"line":21,"column":30}},"11":{"start":{"line":22,"column":0},"end":{"line":46,"column":3}},"12":{"start":{"line":23,"column":2},"end":{"line":45,"column":5}},"13":{"start":{"line":24,"column":4},"end":{"line":44,"column":7}},"14":{"start":{"line":25,"column":6},"end":{"line":25,"column":34}},"15":{"start":{"line":26,"column":6},"end":{"line":26,"column":37}},"16":{"start":{"line":27,"column":6},"end":{"line":27,"column":88}},"17":{"start":{"line":28,"column":6},"end":{"line":28,"column":50}},"18":{"start":{"line":29,"column":6},"end":{"line":29,"column":47}},"19":{"start":{"line":30,"column":6},"end":{"line":30,"column":50}},"20":{"start":{"line":31,"column":6},"end":{"line":31,"column":71}},"21":{"start":{"line":32,"column":6},"end":{"line":32,"column":82}},"22":{"start":{"line":33,"column":6},"end":{"line":33,"column":97}},"23":{"start":{"line":34,"column":6},"end":{"line":34,"column":73}},"24":{"start":{"line":35,"column":6},"end":{"line":35,"column":81}},"25":{"start":{"line":36,"column":6},"end":{"line":36,"column":67}},"26":{"start":{"line":37,"column":6},"end":{"line":37,"column":62}},"27":{"start":{"line":38,"column":6},"end":{"line":38,"column":64}},"28":{"start":{"line":39,"column":6},"end":{"line":39,"column":67}},"29":{"start":{"line":40,"column":6},"end":{"line":40,"column":60}},"30":{"start":{"line":41,"column":6},"end":{"line":41,"column":60}},"31":{"start":{"line":42,"column":6},"end":{"line":42,"column":58}},"32":{"start":{"line":43,"column":6},"end":{"line":43,"column":13}},"33":{"start":{"line":47,"column":0},"end":{"line":73,"column":3}},"34":{"start":{"line":48,"column":2},"end":{"line":72,"column":5}},"35":{"start":{"line":49,"column":4},"end":{"line":71,"column":7}},"36":{"start":{"line":50,"column":6},"end":{"line":50,"column":34}},"37":{"start":{"line":51,"column":6},"end":{"line":51,"column":37}},"38":{"start":{"line":52,"column":6},"end":{"line":52,"column":85}},"39":{"start":{"line":53,"column":6},"end":{"line":53,"column":48}},"40":{"start":{"line":54,"column":6},"end":{"line":54,"column":46}},"41":{"start":{"line":55,"column":6},"end":{"line":55,"column":66}},"42":{"start":{"line":56,"column":6},"end":{"line":56,"column":77}},"43":{"start":{"line":57,"column":6},"end":{"line":57,"column":92}},"44":{"start":{"line":58,"column":6},"end":{"line":58,"column":68}},"45":{"start":{"line":59,"column":6},"end":{"line":59,"column":76}},"46":{"start":{"line":60,"column":6},"end":{"line":60,"column":62}},"47":{"start":{"line":61,"column":6},"end":{"line":61,"column":57}},"48":{"start":{"line":62,"column":6},"end":{"line":62,"column":59}},"49":{"start":{"line":63,"column":6},"end":{"line":63,"column":62}},"50":{"start":{"line":64,"column":6},"end":{"line":64,"column":55}},"51":{"start":{"line":65,"column":6},"end":{"line":65,"column":55}},"52":{"start":{"line":66,"column":6},"end":{"line":66,"column":53}},"53":{"start":{"line":67,"column":6},"end":{"line":67,"column":56}},"54":{"start":{"line":68,"column":6},"end":{"line":68,"column":53}},"55":{"start":{"line":69,"column":6},"end":{"line":69,"column":53}},"56":{"start":{"line":70,"column":6},"end":{"line":70,"column":13}},"57":{"start":{"line":74,"column":0},"end":{"line":143,"column":3}},"58":{"start":{"line":75,"column":18},"end":{"line":83,"column":3}},"59":{"start":{"line":84,"column":2},"end":{"line":107,"column":5}},"60":{"start":{"line":85,"column":4},"end":{"line":106,"column":7}},"61":{"start":{"line":86,"column":6},"end":{"line":86,"column":34}},"62":{"start":{"line":87,"column":6},"end":{"line":87,"column":37}},"63":{"start":{"line":88,"column":6},"end":{"line":88,"column":82}},"64":{"start":{"line":89,"column":6},"end":{"line":89,"column":69}},"65":{"start":{"line":90,"column":6},"end":{"line":90,"column":89}},"66":{"start":{"line":91,"column":6},"end":{"line":91,"column":110}},"67":{"start":{"line":92,"column":6},"end":{"line":92,"column":78}},"68":{"start":{"line":93,"column":6},"end":{"line":93,"column":74}},"69":{"start":{"line":94,"column":6},"end":{"line":94,"column":45}},"70":{"start":{"line":95,"column":6},"end":{"line":95,"column":62}},"71":{"start":{"line":96,"column":6},"end":{"line":96,"column":65}},"72":{"start":{"line":97,"column":6},"end":{"line":97,"column":58}},"73":{"start":{"line":98,"column":6},"end":{"line":98,"column":58}},"74":{"start":{"line":99,"column":6},"end":{"line":99,"column":56}},"75":{"start":{"line":100,"column":6},"end":{"line":100,"column":68}},"76":{"start":{"line":101,"column":6},"end":{"line":101,"column":72}},"77":{"start":{"line":102,"column":6},"end":{"line":102,"column":63}},"78":{"start":{"line":103,"column":6},"end":{"line":103,"column":83}},"79":{"start":{"line":104,"column":6},"end":{"line":104,"column":104}},"80":{"start":{"line":105,"column":6},"end":{"line":105,"column":13}},"81":{"start":{"line":108,"column":2},"end":{"line":142,"column":5}},"82":{"start":{"line":109,"column":4},"end":{"line":141,"column":7}},"83":{"start":{"line":110,"column":6},"end":{"line":110,"column":34}},"84":{"start":{"line":111,"column":6},"end":{"line":111,"column":37}},"85":{"start":{"line":112,"column":6},"end":{"line":112,"column":88}},"86":{"start":{"line":113,"column":6},"end":{"line":113,"column":50}},"87":{"start":{"line":114,"column":6},"end":{"line":114,"column":47}},"88":{"start":{"line":115,"column":6},"end":{"line":115,"column":50}},"89":{"start":{"line":116,"column":6},"end":{"line":116,"column":71}},"90":{"start":{"line":117,"column":6},"end":{"line":117,"column":82}},"91":{"start":{"line":118,"column":6},"end":{"line":118,"column":97}},"92":{"start":{"line":119,"column":6},"end":{"line":119,"column":73}},"93":{"start":{"line":120,"column":6},"end":{"line":120,"column":81}},"94":{"start":{"line":121,"column":6},"end":{"line":121,"column":67}},"95":{"start":{"line":122,"column":6},"end":{"line":122,"column":62}},"96":{"start":{"line":123,"column":6},"end":{"line":123,"column":64}},"97":{"start":{"line":124,"column":6},"end":{"line":124,"column":67}},"98":{"start":{"line":125,"column":6},"end":{"line":125,"column":60}},"99":{"start":{"line":126,"column":6},"end":{"line":126,"column":60}},"100":{"start":{"line":127,"column":6},"end":{"line":127,"column":58}},"101":{"start":{"line":128,"column":6},"end":{"line":128,"column":71}},"102":{"start":{"line":129,"column":6},"end":{"line":129,"column":91}},"103":{"start":{"line":130,"column":6},"end":{"line":130,"column":112}},"104":{"start":{"line":131,"column":6},"end":{"line":131,"column":80}},"105":{"start":{"line":132,"column":6},"end":{"line":132,"column":76}},"106":{"start":{"line":133,"column":6},"end":{"line":133,"column":67}},"107":{"start":{"line":134,"column":6},"end":{"line":134,"column":62}},"108":{"start":{"line":135,"column":6},"end":{"line":135,"column":64}},"109":{"start":{"line":136,"column":6},"end":{"line":136,"column":67}},"110":{"start":{"line":137,"column":6},"end":{"line":137,"column":60}},"111":{"start":{"line":138,"column":6},"end":{"line":138,"column":60}},"112":{"start":{"line":139,"column":6},"end":{"line":139,"column":58}},"113":{"start":{"line":140,"column":6},"end":{"line":140,"column":13}},"114":{"start":{"line":144,"column":0},"end":{"line":162,"column":3}},"115":{"start":{"line":145,"column":2},"end":{"line":161,"column":5}},"116":{"start":{"line":146,"column":4},"end":{"line":160,"column":7}},"117":{"start":{"line":147,"column":6},"end":{"line":147,"column":82}},"118":{"start":{"line":148,"column":6},"end":{"line":148,"column":102}},"119":{"start":{"line":149,"column":6},"end":{"line":149,"column":123}},"120":{"start":{"line":150,"column":6},"end":{"line":150,"column":91}},"121":{"start":{"line":151,"column":6},"end":{"line":151,"column":87}},"122":{"start":{"line":152,"column":6},"end":{"line":152,"column":78}},"123":{"start":{"line":153,"column":6},"end":{"line":153,"column":73}},"124":{"start":{"line":154,"column":6},"end":{"line":154,"column":62}},"125":{"start":{"line":155,"column":6},"end":{"line":155,"column":78}},"126":{"start":{"line":156,"column":6},"end":{"line":156,"column":71}},"127":{"start":{"line":157,"column":6},"end":{"line":157,"column":71}},"128":{"start":{"line":158,"column":6},"end":{"line":158,"column":69}},"129":{"start":{"line":159,"column":6},"end":{"line":159,"column":13}},"130":{"start":{"line":163,"column":0},"end":{"line":181,"column":3}},"131":{"start":{"line":164,"column":2},"end":{"line":180,"column":5}},"132":{"start":{"line":165,"column":4},"end":{"line":179,"column":7}},"133":{"start":{"line":166,"column":6},"end":{"line":166,"column":82}},"134":{"start":{"line":167,"column":6},"end":{"line":167,"column":102}},"135":{"start":{"line":168,"column":6},"end":{"line":168,"column":123}},"136":{"start":{"line":169,"column":6},"end":{"line":169,"column":91}},"137":{"start":{"line":170,"column":6},"end":{"line":170,"column":87}},"138":{"start":{"line":171,"column":6},"end":{"line":171,"column":78}},"139":{"start":{"line":172,"column":6},"end":{"line":172,"column":73}},"140":{"start":{"line":173,"column":6},"end":{"line":173,"column":62}},"141":{"start":{"line":174,"column":6},"end":{"line":174,"column":78}},"142":{"start":{"line":175,"column":6},"end":{"line":175,"column":71}},"143":{"start":{"line":176,"column":6},"end":{"line":176,"column":71}},"144":{"start":{"line":177,"column":6},"end":{"line":177,"column":69}},"145":{"start":{"line":178,"column":6},"end":{"line":178,"column":13}},"146":{"start":{"line":182,"column":0},"end":{"line":193,"column":3}},"147":{"start":{"line":183,"column":2},"end":{"line":192,"column":5}},"148":{"start":{"line":184,"column":4},"end":{"line":191,"column":7}},"149":{"start":{"line":185,"column":6},"end":{"line":185,"column":34}},"150":{"start":{"line":186,"column":6},"end":{"line":186,"column":37}},"151":{"start":{"line":187,"column":6},"end":{"line":187,"column":47}},"152":{"start":{"line":188,"column":6},"end":{"line":188,"column":45}},"153":{"start":{"line":189,"column":6},"end":{"line":189,"column":78}},"154":{"start":{"line":190,"column":6},"end":{"line":190,"column":13}},"155":{"start":{"line":194,"column":0},"end":{"line":205,"column":3}},"156":{"start":{"line":195,"column":2},"end":{"line":204,"column":5}},"157":{"start":{"line":196,"column":4},"end":{"line":203,"column":7}},"158":{"start":{"line":197,"column":6},"end":{"line":197,"column":34}},"159":{"start":{"line":198,"column":6},"end":{"line":198,"column":37}},"160":{"start":{"line":199,"column":6},"end":{"line":199,"column":47}},"161":{"start":{"line":200,"column":6},"end":{"line":200,"column":45}},"162":{"start":{"line":201,"column":6},"end":{"line":201,"column":83}},"163":{"start":{"line":202,"column":6},"end":{"line":202,"column":13}},"164":{"start":{"line":206,"column":0},"end":{"line":349,"column":3}},"165":{"start":{"line":207,"column":2},"end":{"line":210,"column":5}},"166":{"start":{"line":208,"column":4},"end":{"line":208,"column":74}},"167":{"start":{"line":209,"column":4},"end":{"line":209,"column":11}},"168":{"start":{"line":211,"column":2},"end":{"line":223,"column":5}},"169":{"start":{"line":212,"column":4},"end":{"line":222,"column":7}},"170":{"start":{"line":213,"column":6},"end":{"line":221,"column":9}},"171":{"start":{"line":214,"column":8},"end":{"line":214,"column":36}},"172":{"start":{"line":215,"column":8},"end":{"line":215,"column":39}},"173":{"start":{"line":216,"column":8},"end":{"line":216,"column":91}},"174":{"start":{"line":217,"column":8},"end":{"line":217,"column":60}},"175":{"start":{"line":218,"column":8},"end":{"line":218,"column":49}},"176":{"start":{"line":219,"column":8},"end":{"line":219,"column":52}},"177":{"start":{"line":220,"column":8},"end":{"line":220,"column":15}},"178":{"start":{"line":224,"column":2},"end":{"line":233,"column":5}},"179":{"start":{"line":225,"column":4},"end":{"line":232,"column":7}},"180":{"start":{"line":226,"column":6},"end":{"line":231,"column":9}},"181":{"start":{"line":227,"column":8},"end":{"line":227,"column":36}},"182":{"start":{"line":228,"column":8},"end":{"line":228,"column":39}},"183":{"start":{"line":229,"column":8},"end":{"line":229,"column":98}},"184":{"start":{"line":230,"column":8},"end":{"line":230,"column":15}},"185":{"start":{"line":234,"column":2},"end":{"line":267,"column":5}},"186":{"start":{"line":235,"column":19},"end":{"line":243,"column":5}},"187":{"start":{"line":244,"column":4},"end":{"line":266,"column":7}},"188":{"start":{"line":245,"column":6},"end":{"line":265,"column":9}},"189":{"start":{"line":246,"column":8},"end":{"line":246,"column":36}},"190":{"start":{"line":247,"column":8},"end":{"line":247,"column":39}},"191":{"start":{"line":248,"column":8},"end":{"line":248,"column":84}},"192":{"start":{"line":249,"column":8},"end":{"line":249,"column":86}},"193":{"start":{"line":250,"column":8},"end":{"line":250,"column":104}},"194":{"start":{"line":251,"column":8},"end":{"line":251,"column":73}},"195":{"start":{"line":252,"column":8},"end":{"line":252,"column":80}},"196":{"start":{"line":253,"column":8},"end":{"line":253,"column":47}},"197":{"start":{"line":254,"column":8},"end":{"line":254,"column":64}},"198":{"start":{"line":255,"column":8},"end":{"line":255,"column":67}},"199":{"start":{"line":256,"column":8},"end":{"line":256,"column":60}},"200":{"start":{"line":257,"column":8},"end":{"line":257,"column":60}},"201":{"start":{"line":258,"column":8},"end":{"line":258,"column":58}},"202":{"start":{"line":259,"column":8},"end":{"line":259,"column":74}},"203":{"start":{"line":260,"column":8},"end":{"line":260,"column":67}},"204":{"start":{"line":261,"column":8},"end":{"line":261,"column":65}},"205":{"start":{"line":262,"column":8},"end":{"line":262,"column":80}},"206":{"start":{"line":263,"column":8},"end":{"line":263,"column":98}},"207":{"start":{"line":264,"column":8},"end":{"line":264,"column":15}},"208":{"start":{"line":268,"column":2},"end":{"line":320,"column":5}},"209":{"start":{"line":269,"column":4},"end":{"line":307,"column":7}},"210":{"start":{"line":270,"column":21},"end":{"line":279,"column":7}},"211":{"start":{"line":280,"column":6},"end":{"line":280,"column":47}},"212":{"start":{"line":281,"column":6},"end":{"line":306,"column":9}},"213":{"start":{"line":285,"column":8},"end":{"line":285,"column":36}},"214":{"start":{"line":286,"column":8},"end":{"line":286,"column":41}},"215":{"start":{"line":287,"column":8},"end":{"line":287,"column":86}},"216":{"start":{"line":288,"column":8},"end":{"line":288,"column":50}},"217":{"start":{"line":289,"column":8},"end":{"line":289,"column":48}},"218":{"start":{"line":290,"column":8},"end":{"line":290,"column":68}},"219":{"start":{"line":291,"column":8},"end":{"line":291,"column":79}},"220":{"start":{"line":292,"column":8},"end":{"line":292,"column":104}},"221":{"start":{"line":293,"column":8},"end":{"line":293,"column":103}},"222":{"start":{"line":294,"column":8},"end":{"line":294,"column":76}},"223":{"start":{"line":295,"column":8},"end":{"line":295,"column":73}},"224":{"start":{"line":296,"column":8},"end":{"line":296,"column":64}},"225":{"start":{"line":297,"column":8},"end":{"line":297,"column":66}},"226":{"start":{"line":298,"column":8},"end":{"line":298,"column":55}},"227":{"start":{"line":299,"column":8},"end":{"line":299,"column":55}},"228":{"start":{"line":300,"column":8},"end":{"line":300,"column":57}},"229":{"start":{"line":301,"column":8},"end":{"line":301,"column":57}},"230":{"start":{"line":302,"column":8},"end":{"line":302,"column":64}},"231":{"start":{"line":303,"column":8},"end":{"line":303,"column":61}},"232":{"start":{"line":304,"column":8},"end":{"line":304,"column":59}},"233":{"start":{"line":305,"column":8},"end":{"line":305,"column":15}},"234":{"start":{"line":308,"column":4},"end":{"line":319,"column":7}},"235":{"start":{"line":309,"column":6},"end":{"line":318,"column":9}},"236":{"start":{"line":313,"column":8},"end":{"line":313,"column":36}},"237":{"start":{"line":314,"column":8},"end":{"line":314,"column":39}},"238":{"start":{"line":315,"column":8},"end":{"line":315,"column":49}},"239":{"start":{"line":316,"column":8},"end":{"line":316,"column":85}},"240":{"start":{"line":317,"column":8},"end":{"line":317,"column":15}},"241":{"start":{"line":321,"column":2},"end":{"line":348,"column":5}},"242":{"start":{"line":322,"column":4},"end":{"line":338,"column":7}},"243":{"start":{"line":323,"column":21},"end":{"line":331,"column":7}},"244":{"start":{"line":332,"column":6},"end":{"line":332,"column":47}},"245":{"start":{"line":333,"column":6},"end":{"line":337,"column":9}},"246":{"start":{"line":334,"column":8},"end":{"line":334,"column":36}},"247":{"start":{"line":335,"column":8},"end":{"line":335,"column":39}},"248":{"start":{"line":336,"column":8},"end":{"line":336,"column":15}},"249":{"start":{"line":339,"column":4},"end":{"line":347,"column":7}},"250":{"start":{"line":340,"column":6},"end":{"line":346,"column":9}},"251":{"start":{"line":341,"column":8},"end":{"line":341,"column":36}},"252":{"start":{"line":342,"column":8},"end":{"line":342,"column":39}},"253":{"start":{"line":343,"column":8},"end":{"line":343,"column":49}},"254":{"start":{"line":344,"column":8},"end":{"line":344,"column":84}},"255":{"start":{"line":345,"column":8},"end":{"line":345,"column":15}},"256":{"start":{"line":351,"column":0},"end":{"line":373,"column":3}},"257":{"start":{"line":352,"column":2},"end":{"line":372,"column":5}},"258":{"start":{"line":353,"column":19},"end":{"line":362,"column":5}},"259":{"start":{"line":363,"column":4},"end":{"line":363,"column":45}},"260":{"start":{"line":364,"column":4},"end":{"line":371,"column":7}},"261":{"start":{"line":368,"column":6},"end":{"line":368,"column":34}},"262":{"start":{"line":369,"column":6},"end":{"line":369,"column":37}},"263":{"start":{"line":370,"column":6},"end":{"line":370,"column":13}}},"fnMap":{"0":{"name":"_interopRequireDefault","decl":{"start":{"line":17,"column":9},"end":{"line":17,"column":31}},"loc":{"start":{"line":17,"column":37},"end":{"line":17,"column":95}},"line":17},"1":{"name":"(anonymous_1)","decl":{"start":{"line":22,"column":36},"end":{"line":22,"column":37}},"loc":{"start":{"line":22,"column":48},"end":{"line":46,"column":1}},"line":22},"2":{"name":"(anonymous_2)","decl":{"start":{"line":23,"column":48},"end":{"line":23,"column":49}},"loc":{"start":{"line":23,"column":64},"end":{"line":45,"column":3}},"line":23},"3":{"name":"(anonymous_3)","decl":{"start":{"line":24,"column":72},"end":{"line":24,"column":73}},"loc":{"start":{"line":24,"column":92},"end":{"line":44,"column":5}},"line":24},"4":{"name":"(anonymous_4)","decl":{"start":{"line":47,"column":48},"end":{"line":47,"column":49}},"loc":{"start":{"line":47,"column":60},"end":{"line":73,"column":1}},"line":47},"5":{"name":"(anonymous_5)","decl":{"start":{"line":48,"column":61},"end":{"line":48,"column":62}},"loc":{"start":{"line":48,"column":77},"end":{"line":72,"column":3}},"line":48},"6":{"name":"(anonymous_6)","decl":{"start":{"line":49,"column":74},"end":{"line":49,"column":75}},"loc":{"start":{"line":49,"column":94},"end":{"line":71,"column":5}},"line":49},"7":{"name":"(anonymous_7)","decl":{"start":{"line":74,"column":37},"end":{"line":74,"column":38}},"loc":{"start":{"line":74,"column":49},"end":{"line":143,"column":1}},"line":74},"8":{"name":"(anonymous_8)","decl":{"start":{"line":84,"column":59},"end":{"line":84,"column":60}},"loc":{"start":{"line":84,"column":75},"end":{"line":107,"column":3}},"line":84},"9":{"name":"(anonymous_9)","decl":{"start":{"line":85,"column":90},"end":{"line":85,"column":91}},"loc":{"start":{"line":85,"column":110},"end":{"line":106,"column":5}},"line":85},"10":{"name":"(anonymous_10)","decl":{"start":{"line":108,"column":72},"end":{"line":108,"column":73}},"loc":{"start":{"line":108,"column":88},"end":{"line":142,"column":3}},"line":108},"11":{"name":"(anonymous_11)","decl":{"start":{"line":109,"column":72},"end":{"line":109,"column":73}},"loc":{"start":{"line":109,"column":92},"end":{"line":141,"column":5}},"line":109},"12":{"name":"(anonymous_12)","decl":{"start":{"line":144,"column":49},"end":{"line":144,"column":50}},"loc":{"start":{"line":144,"column":61},"end":{"line":162,"column":1}},"line":144},"13":{"name":"(anonymous_13)","decl":{"start":{"line":145,"column":66},"end":{"line":145,"column":67}},"loc":{"start":{"line":145,"column":82},"end":{"line":161,"column":3}},"line":145},"14":{"name":"(anonymous_14)","decl":{"start":{"line":146,"column":89},"end":{"line":146,"column":90}},"loc":{"start":{"line":146,"column":109},"end":{"line":160,"column":5}},"line":146},"15":{"name":"(anonymous_15)","decl":{"start":{"line":163,"column":49},"end":{"line":163,"column":50}},"loc":{"start":{"line":163,"column":61},"end":{"line":181,"column":1}},"line":163},"16":{"name":"(anonymous_16)","decl":{"start":{"line":164,"column":66},"end":{"line":164,"column":67}},"loc":{"start":{"line":164,"column":82},"end":{"line":180,"column":3}},"line":164},"17":{"name":"(anonymous_17)","decl":{"start":{"line":165,"column":93},"end":{"line":165,"column":94}},"loc":{"start":{"line":165,"column":113},"end":{"line":179,"column":5}},"line":165},"18":{"name":"(anonymous_18)","decl":{"start":{"line":182,"column":49},"end":{"line":182,"column":50}},"loc":{"start":{"line":182,"column":61},"end":{"line":193,"column":1}},"line":182},"19":{"name":"(anonymous_19)","decl":{"start":{"line":183,"column":82},"end":{"line":183,"column":83}},"loc":{"start":{"line":183,"column":98},"end":{"line":192,"column":3}},"line":183},"20":{"name":"(anonymous_20)","decl":{"start":{"line":184,"column":89},"end":{"line":184,"column":90}},"loc":{"start":{"line":184,"column":109},"end":{"line":191,"column":5}},"line":184},"21":{"name":"(anonymous_21)","decl":{"start":{"line":194,"column":49},"end":{"line":194,"column":50}},"loc":{"start":{"line":194,"column":61},"end":{"line":205,"column":1}},"line":194},"22":{"name":"(anonymous_22)","decl":{"start":{"line":195,"column":82},"end":{"line":195,"column":83}},"loc":{"start":{"line":195,"column":98},"end":{"line":204,"column":3}},"line":195},"23":{"name":"(anonymous_23)","decl":{"start":{"line":196,"column":93},"end":{"line":196,"column":94}},"loc":{"start":{"line":196,"column":113},"end":{"line":203,"column":5}},"line":196},"24":{"name":"(anonymous_24)","decl":{"start":{"line":206,"column":34},"end":{"line":206,"column":35}},"loc":{"start":{"line":206,"column":46},"end":{"line":349,"column":1}},"line":206},"25":{"name":"(anonymous_25)","decl":{"start":{"line":207,"column":13},"end":{"line":207,"column":14}},"loc":{"start":{"line":207,"column":29},"end":{"line":210,"column":3}},"line":207},"26":{"name":"(anonymous_26)","decl":{"start":{"line":211,"column":38},"end":{"line":211,"column":39}},"loc":{"start":{"line":211,"column":50},"end":{"line":223,"column":3}},"line":211},"27":{"name":"(anonymous_27)","decl":{"start":{"line":212,"column":79},"end":{"line":212,"column":80}},"loc":{"start":{"line":212,"column":95},"end":{"line":222,"column":5}},"line":212},"28":{"name":"(anonymous_28)","decl":{"start":{"line":213,"column":74},"end":{"line":213,"column":75}},"loc":{"start":{"line":213,"column":94},"end":{"line":221,"column":7}},"line":213},"29":{"name":"(anonymous_29)","decl":{"start":{"line":224,"column":50},"end":{"line":224,"column":51}},"loc":{"start":{"line":224,"column":62},"end":{"line":233,"column":3}},"line":224},"30":{"name":"(anonymous_30)","decl":{"start":{"line":225,"column":73},"end":{"line":225,"column":74}},"loc":{"start":{"line":225,"column":89},"end":{"line":232,"column":5}},"line":225},"31":{"name":"(anonymous_31)","decl":{"start":{"line":226,"column":76},"end":{"line":226,"column":77}},"loc":{"start":{"line":226,"column":96},"end":{"line":231,"column":7}},"line":226},"32":{"name":"(anonymous_32)","decl":{"start":{"line":234,"column":39},"end":{"line":234,"column":40}},"loc":{"start":{"line":234,"column":51},"end":{"line":267,"column":3}},"line":234},"33":{"name":"(anonymous_33)","decl":{"start":{"line":244,"column":83},"end":{"line":244,"column":84}},"loc":{"start":{"line":244,"column":99},"end":{"line":266,"column":5}},"line":244},"34":{"name":"(anonymous_34)","decl":{"start":{"line":245,"column":90},"end":{"line":245,"column":91}},"loc":{"start":{"line":245,"column":110},"end":{"line":265,"column":7}},"line":245},"35":{"name":"(anonymous_35)","decl":{"start":{"line":268,"column":50},"end":{"line":268,"column":51}},"loc":{"start":{"line":268,"column":62},"end":{"line":320,"column":3}},"line":268},"36":{"name":"(anonymous_36)","decl":{"start":{"line":269,"column":67},"end":{"line":269,"column":68}},"loc":{"start":{"line":269,"column":83},"end":{"line":307,"column":5}},"line":269},"37":{"name":"(anonymous_37)","decl":{"start":{"line":284,"column":13},"end":{"line":284,"column":14}},"loc":{"start":{"line":284,"column":33},"end":{"line":306,"column":7}},"line":284},"38":{"name":"(anonymous_38)","decl":{"start":{"line":308,"column":80},"end":{"line":308,"column":81}},"loc":{"start":{"line":308,"column":96},"end":{"line":319,"column":5}},"line":308},"39":{"name":"(anonymous_39)","decl":{"start":{"line":312,"column":13},"end":{"line":312,"column":14}},"loc":{"start":{"line":312,"column":33},"end":{"line":318,"column":7}},"line":312},"40":{"name":"(anonymous_40)","decl":{"start":{"line":321,"column":53},"end":{"line":321,"column":54}},"loc":{"start":{"line":321,"column":65},"end":{"line":348,"column":3}},"line":321},"41":{"name":"(anonymous_41)","decl":{"start":{"line":322,"column":57},"end":{"line":322,"column":58}},"loc":{"start":{"line":322,"column":73},"end":{"line":338,"column":5}},"line":322},"42":{"name":"(anonymous_42)","decl":{"start":{"line":333,"column":79},"end":{"line":333,"column":80}},"loc":{"start":{"line":333,"column":99},"end":{"line":337,"column":7}},"line":333},"43":{"name":"(anonymous_43)","decl":{"start":{"line":339,"column":67},"end":{"line":339,"column":68}},"loc":{"start":{"line":339,"column":83},"end":{"line":347,"column":5}},"line":339},"44":{"name":"(anonymous_44)","decl":{"start":{"line":340,"column":79},"end":{"line":340,"column":80}},"loc":{"start":{"line":340,"column":99},"end":{"line":346,"column":7}},"line":340},"45":{"name":"(anonymous_45)","decl":{"start":{"line":351,"column":48},"end":{"line":351,"column":49}},"loc":{"start":{"line":351,"column":60},"end":{"line":373,"column":1}},"line":351},"46":{"name":"(anonymous_46)","decl":{"start":{"line":352,"column":65},"end":{"line":352,"column":66}},"loc":{"start":{"line":352,"column":81},"end":{"line":372,"column":3}},"line":352},"47":{"name":"(anonymous_47)","decl":{"start":{"line":367,"column":11},"end":{"line":367,"column":12}},"loc":{"start":{"line":367,"column":31},"end":{"line":371,"column":5}},"line":367}},"branchMap":{"0":{"loc":{"start":{"line":17,"column":46},"end":{"line":17,"column":92}},"type":"cond-expr","locations":[{"start":{"line":17,"column":70},"end":{"line":17,"column":73}},{"start":{"line":17,"column":76},"end":{"line":17,"column":92}}],"line":17},"1":{"loc":{"start":{"line":17,"column":46},"end":{"line":17,"column":67}},"type":"binary-expr","locations":[{"start":{"line":17,"column":46},"end":{"line":17,"column":49}},{"start":{"line":17,"column":53},"end":{"line":17,"column":67}}],"line":17}},"s":{"0":1,"1":1,"2":1,"3":1,"4":1,"5":1,"6":1,"7":3,"8":1,"9":1,"10":1,"11":1,"12":1,"13":1,"14":1,"15":1,"16":1,"17":1,"18":1,"19":1,"20":1,"21":1,"22":1,"23":1,"24":1,"25":1,"26":1,"27":1,"28":1,"29":1,"30":1,"31":1,"32":1,"33":1,"34":1,"35":1,"36":1,"37":1,"38":1,"39":1,"40":1,"41":1,"42":1,"43":1,"44":1,"45":1,"46":1,"47":1,"48":1,"49":1,"50":1,"51":1,"52":1,"53":1,"54":1,"55":1,"56":1,"57":1,"58":1,"59":1,"60":1,"61":1,"62":1,"63":1,"64":1,"65":1,"66":1,"67":1,"68":1,"69":1,"70":1,"71":1,"72":1,"73":1,"74":1,"75":1,"76":1,"77":1,"78":1,"79":1,"80":1,"81":1,"82":1,"83":1,"84":1,"85":1,"86":1,"87":1,"88":1,"89":1,"90":1,"91":1,"92":1,"93":1,"94":1,"95":1,"96":1,"97":1,"98":1,"99":1,"100":1,"101":1,"102":1,"103":1,"104":1,"105":1,"106":1,"107":1,"108":1,"109":1,"110":1,"111":1,"112":1,"113":1,"114":1,"115":1,"116":1,"117":1,"118":1,"119":1,"120":1,"121":1,"122":1,"123":1,"124":1,"125":1,"126":1,"127":1,"128":1,"129":1,"130":1,"131":1,"132":1,"133":1,"134":1,"135":1,"136":1,"137":1,"138":1,"139":1,"140":1,"141":1,"142":1,"143":1,"144":1,"145":1,"146":1,"147":1,"148":1,"149":1,"150":1,"151":1,"152":1,"153":1,"154":1,"155":1,"156":1,"157":1,"158":1,"159":1,"160":1,"161":1,"162":1,"163":1,"164":1,"165":1,"166":7,"167":7,"168":1,"169":1,"170":1,"171":1,"172":1,"173":1,"174":1,"175":1,"176":1,"177":1,"178":1,"179":1,"180":1,"181":1,"182":1,"183":1,"184":1,"185":1,"186":1,"187":1,"188":1,"189":1,"190":1,"191":1,"192":1,"193":1,"194":1,"195":1,"196":1,"197":1,"198":1,"199":1,"200":1,"201":1,"202":1,"203":1,"204":1,"205":1,"206":1,"207":1,"208":1,"209":1,"210":1,"211":1,"212":1,"213":1,"214":1,"215":1,"216":1,"217":1,"218":1,"219":1,"220":1,"221":1,"222":1,"223":1,"224":1,"225":1,"226":1,"227":1,"228":1,"229":1,"230":1,"231":1,"232":1,"233":1,"234":1,"235":1,"236":1,"237":1,"238":1,"239":1,"240":1,"241":1,"242":1,"243":1,"244":1,"245":1,"246":1,"247":1,"248":1,"249":1,"250":1,"251":1,"252":1,"253":1,"254":1,"255":1,"256":1,"257":1,"258":1,"259":1,"260":1,"261":1,"262":1,"263":1},"f":{"0":3,"1":1,"2":1,"3":1,"4":1,"5":1,"6":1,"7":1,"8":1,"9":1,"10":1,"11":1,"12":1,"13":1,"14":1,"15":1,"16":1,"17":1,"18":1,"19":1,"20":1,"21":1,"22":1,"23":1,"24":1,"25":7,"26":1,"27":1,"28":1,"29":1,"30":1,"31":1,"32":1,"33":1,"34":1,"35":1,"36":1,"37":1,"38":1,"39":1,"40":1,"41":1,"42":1,"43":1,"44":1,"45":1,"46":1,"47":1},"b":{"0":[0,3],"1":[3,3]},"_coverageSchema":"332fd63041d2c1bcb487cc26dd0d5f7d97098a6c","hash":"a3416144fbedf16902415a5bd92bceace6022324","contentHash":"35e47f7b2bb80bfec1c60e38d3c5cba8_11.6.0"},"C:\\Users\\udochukwu\\Desktop\\we-connect\\server\\src\\app.js":{"path":"C:\\Users\\udochukwu\\Desktop\\we-connect\\server\\src\\app.js","statementMap":{"0":{"start":{"line":3,"column":15},"end":{"line":3,"column":33}},"1":{"start":{"line":5,"column":16},"end":{"line":5,"column":48}},"2":{"start":{"line":7,"column":14},"end":{"line":7,"column":31}},"3":{"start":{"line":9,"column":15},"end":{"line":9,"column":46}},"4":{"start":{"line":11,"column":20},"end":{"line":11,"column":44}},"5":{"start":{"line":13,"column":21},"end":{"line":13,"column":58}},"6":{"start":{"line":15,"column":18},"end":{"line":15,"column":40}},"7":{"start":{"line":17,"column":19},"end":{"line":17,"column":54}},"8":{"start":{"line":19,"column":14},"end":{"line":19,"column":40}},"9":{"start":{"line":21,"column":15},"end":{"line":21,"column":46}},"10":{"start":{"line":23,"column":39},"end":{"line":23,"column":93}},"11":{"start":{"line":25,"column":10},"end":{"line":25,"column":34}},"12":{"start":{"line":26,"column":0},"end":{"line":26,"column":62}},"13":{"start":{"line":27,"column":0},"end":{"line":27,"column":39}},"14":{"start":{"line":28,"column":0},"end":{"line":28,"column":37}},"15":{"start":{"line":29,"column":0},"end":{"line":29,"column":38}},"16":{"start":{"line":31,"column":11},"end":{"line":31,"column":35}},"17":{"start":{"line":33,"column":0},"end":{"line":33,"column":37}},"18":{"start":{"line":35,"column":0},"end":{"line":37,"column":3}},"19":{"start":{"line":36,"column":2},"end":{"line":36,"column":54}},"20":{"start":{"line":39,"column":0},"end":{"line":39,"column":21}}},"fnMap":{"0":{"name":"_interopRequireDefault","decl":{"start":{"line":23,"column":9},"end":{"line":23,"column":31}},"loc":{"start":{"line":23,"column":37},"end":{"line":23,"column":95}},"line":23},"1":{"name":"(anonymous_1)","decl":{"start":{"line":35,"column":17},"end":{"line":35,"column":18}},"loc":{"start":{"line":35,"column":29},"end":{"line":37,"column":1}},"line":35}},"branchMap":{"0":{"loc":{"start":{"line":23,"column":46},"end":{"line":23,"column":92}},"type":"cond-expr","locations":[{"start":{"line":23,"column":70},"end":{"line":23,"column":73}},{"start":{"line":23,"column":76},"end":{"line":23,"column":92}}],"line":23},"1":{"loc":{"start":{"line":23,"column":46},"end":{"line":23,"column":67}},"type":"binary-expr","locations":[{"start":{"line":23,"column":46},"end":{"line":23,"column":49}},{"start":{"line":23,"column":53},"end":{"line":23,"column":67}}],"line":23},"2":{"loc":{"start":{"line":31,"column":11},"end":{"line":31,"column":35}},"type":"binary-expr","locations":[{"start":{"line":31,"column":11},"end":{"line":31,"column":27}},{"start":{"line":31,"column":31},"end":{"line":31,"column":35}}],"line":31}},"s":{"0":1,"1":1,"2":1,"3":1,"4":1,"5":1,"6":1,"7":1,"8":1,"9":1,"10":5,"11":1,"12":1,"13":1,"14":1,"15":1,"16":1,"17":1,"18":1,"19":1,"20":1},"f":{"0":5,"1":1},"b":{"0":[1,4],"1":[5,5],"2":[1,1]},"_coverageSchema":"332fd63041d2c1bcb487cc26dd0d5f7d97098a6c","hash":"aedf275b5574a1f51e4c93180b27946a7be4d531","contentHash":"37dbc045c4622ca9bed40358239c6522_11.6.0"},"C:\\Users\\udochukwu\\Desktop\\we-connect\\server\\src\\routes\\routes.js":{"path":"C:\\Users\\udochukwu\\Desktop\\we-connect\\server\\src\\routes\\routes.js","statementMap":{"0":{"start":{"line":3,"column":0},"end":{"line":5,"column":3}},"1":{"start":{"line":7,"column":15},"end":{"line":7,"column":33}},"2":{"start":{"line":9,"column":16},"end":{"line":9,"column":48}},"3":{"start":{"line":11,"column":26},"end":{"line":11,"column":70}},"4":{"start":{"line":13,"column":27},"end":{"line":13,"column":70}},"5":{"start":{"line":15,"column":24},"end":{"line":15,"column":66}},"6":{"start":{"line":17,"column":25},"end":{"line":17,"column":66}},"7":{"start":{"line":19,"column":22},"end":{"line":19,"column":62}},"8":{"start":{"line":21,"column":23},"end":{"line":21,"column":62}},"9":{"start":{"line":23,"column":22},"end":{"line":23,"column":62}},"10":{"start":{"line":25,"column":23},"end":{"line":25,"column":62}},"11":{"start":{"line":27,"column":26},"end":{"line":27,"column":70}},"12":{"start":{"line":29,"column":27},"end":{"line":29,"column":70}},"13":{"start":{"line":31,"column":39},"end":{"line":31,"column":93}},"14":{"start":{"line":33,"column":23},"end":{"line":33,"column":68}},"15":{"start":{"line":34,"column":22},"end":{"line":34,"column":66}},"16":{"start":{"line":35,"column":21},"end":{"line":35,"column":64}},"17":{"start":{"line":36,"column":21},"end":{"line":36,"column":64}},"18":{"start":{"line":37,"column":21},"end":{"line":37,"column":64}},"19":{"start":{"line":38,"column":29},"end":{"line":38,"column":80}},"20":{"start":{"line":39,"column":29},"end":{"line":39,"column":80}},"21":{"start":{"line":40,"column":16},"end":{"line":40,"column":52}},"22":{"start":{"line":41,"column":20},"end":{"line":41,"column":60}},"23":{"start":{"line":42,"column":16},"end":{"line":42,"column":50}},"24":{"start":{"line":43,"column":17},"end":{"line":43,"column":52}},"25":{"start":{"line":44,"column":21},"end":{"line":44,"column":60}},"26":{"start":{"line":45,"column":23},"end":{"line":45,"column":68}},"27":{"start":{"line":46,"column":29},"end":{"line":46,"column":80}},"28":{"start":{"line":48,"column":13},"end":{"line":48,"column":39}},"29":{"start":{"line":49,"column":0},"end":{"line":49,"column":92}},"30":{"start":{"line":50,"column":0},"end":{"line":50,"column":55}},"31":{"start":{"line":51,"column":0},"end":{"line":51,"column":61}},"32":{"start":{"line":52,"column":0},"end":{"line":52,"column":78}},"33":{"start":{"line":53,"column":0},"end":{"line":53,"column":57}},"34":{"start":{"line":54,"column":0},"end":{"line":54,"column":58}},"35":{"start":{"line":55,"column":0},"end":{"line":55,"column":61}},"36":{"start":{"line":56,"column":0},"end":{"line":56,"column":38}},"37":{"start":{"line":57,"column":0},"end":{"line":57,"column":56}},"38":{"start":{"line":59,"column":0},"end":{"line":59,"column":25}}},"fnMap":{"0":{"name":"_interopRequireDefault","decl":{"start":{"line":31,"column":9},"end":{"line":31,"column":31}},"loc":{"start":{"line":31,"column":37},"end":{"line":31,"column":95}},"line":31}},"branchMap":{"0":{"loc":{"start":{"line":31,"column":46},"end":{"line":31,"column":92}},"type":"cond-expr","locations":[{"start":{"line":31,"column":70},"end":{"line":31,"column":73}},{"start":{"line":31,"column":76},"end":{"line":31,"column":92}}],"line":31},"1":{"loc":{"start":{"line":31,"column":46},"end":{"line":31,"column":67}},"type":"binary-expr","locations":[{"start":{"line":31,"column":46},"end":{"line":31,"column":49}},{"start":{"line":31,"column":53},"end":{"line":31,"column":67}}],"line":31}},"s":{"0":1,"1":1,"2":1,"3":1,"4":1,"5":1,"6":1,"7":1,"8":1,"9":1,"10":1,"11":1,"12":1,"13":6,"14":1,"15":1,"16":1,"17":1,"18":1,"19":1,"20":1,"21":1,"22":1,"23":1,"24":1,"25":1,"26":1,"27":1,"28":1,"29":1,"30":1,"31":1,"32":1,"33":1,"34":1,"35":1,"36":1,"37":1,"38":1},"f":{"0":6},"b":{"0":[5,1],"1":[6,6]},"_coverageSchema":"332fd63041d2c1bcb487cc26dd0d5f7d97098a6c","hash":"4b4675ad5355ea92ead30be82004b2f0d2ffe68a","contentHash":"072b6ef47919b9a4eeef65ee8cd876d8_11.6.0"},"C:\\Users\\udochukwu\\Desktop\\we-connect\\server\\src\\controllers\\BusinessController.js":{"path":"C:\\Users\\udochukwu\\Desktop\\we-connect\\server\\src\\controllers\\BusinessController.js","statementMap":{"0":{"start":{"line":3,"column":0},"end":{"line":5,"column":3}},"1":{"start":{"line":7,"column":19},"end":{"line":7,"column":563}},"2":{"start":{"line":7,"column":76},"end":{"line":7,"column":347}},"3":{"start":{"line":7,"column":134},"end":{"line":7,"column":142}},"4":{"start":{"line":7,"column":144},"end":{"line":7,"column":199}},"5":{"start":{"line":7,"column":200},"end":{"line":7,"column":231}},"6":{"start":{"line":7,"column":232},"end":{"line":7,"column":286}},"7":{"start":{"line":7,"column":259},"end":{"line":7,"column":286}},"8":{"start":{"line":7,"column":287},"end":{"line":7,"column":345}},"9":{"start":{"line":7,"column":350},"end":{"line":7,"column":559}},"10":{"start":{"line":7,"column":407},"end":{"line":7,"column":475}},"11":{"start":{"line":7,"column":423},"end":{"line":7,"column":475}},"12":{"start":{"line":7,"column":476},"end":{"line":7,"column":536}},"13":{"start":{"line":7,"column":493},"end":{"line":7,"column":536}},"14":{"start":{"line":7,"column":537},"end":{"line":7,"column":556}},"15":{"start":{"line":9,"column":21},"end":{"line":9,"column":62}},"16":{"start":{"line":11,"column":50},"end":{"line":11,"column":151}},"17":{"start":{"line":11,"column":92},"end":{"line":11,"column":149}},"18":{"start":{"line":17,"column":25},"end":{"line":169,"column":3}},"19":{"start":{"line":19,"column":4},"end":{"line":19,"column":46}},"20":{"start":{"line":22,"column":2},"end":{"line":166,"column":6}},"21":{"start":{"line":33,"column":6},"end":{"line":35,"column":7}},"22":{"start":{"line":34,"column":8},"end":{"line":34,"column":126}},"23":{"start":{"line":36,"column":6},"end":{"line":36,"column":111}},"24":{"start":{"line":49,"column":15},"end":{"line":49,"column":36}},"25":{"start":{"line":50,"column":21},"end":{"line":52,"column":8}},"26":{"start":{"line":51,"column":8},"end":{"line":51,"column":48}},"27":{"start":{"line":53,"column":6},"end":{"line":55,"column":7}},"28":{"start":{"line":54,"column":8},"end":{"line":54,"column":103}},"29":{"start":{"line":56,"column":6},"end":{"line":56,"column":89}},"30":{"start":{"line":69,"column":23},"end":{"line":69,"column":146}},"31":{"start":{"line":70,"column":24},"end":{"line":70,"column":32}},"32":{"start":{"line":71,"column":6},"end":{"line":71,"column":42}},"33":{"start":{"line":72,"column":6},"end":{"line":72,"column":31}},"34":{"start":{"line":73,"column":6},"end":{"line":73,"column":50}},"35":{"start":{"line":74,"column":6},"end":{"line":74,"column":104}},"36":{"start":{"line":87,"column":15},"end":{"line":87,"column":36}},"37":{"start":{"line":88,"column":21},"end":{"line":90,"column":8}},"38":{"start":{"line":89,"column":8},"end":{"line":89,"column":48}},"39":{"start":{"line":91,"column":6},"end":{"line":91,"column":40}},"40":{"start":{"line":92,"column":6},"end":{"line":92,"column":88}},"41":{"start":{"line":105,"column":15},"end":{"line":105,"column":36}},"42":{"start":{"line":106,"column":21},"end":{"line":108,"column":8}},"43":{"start":{"line":107,"column":8},"end":{"line":107,"column":48}},"44":{"start":{"line":109,"column":6},"end":{"line":111,"column":7}},"45":{"start":{"line":110,"column":8},"end":{"line":110,"column":103}},"46":{"start":{"line":112,"column":6},"end":{"line":112,"column":87}},"47":{"start":{"line":113,"column":6},"end":{"line":113,"column":111}},"48":{"start":{"line":127,"column":21},"end":{"line":127,"column":39}},"49":{"start":{"line":129,"column":6},"end":{"line":131,"column":7}},"50":{"start":{"line":130,"column":8},"end":{"line":130,"column":22}},"51":{"start":{"line":132,"column":34},"end":{"line":134,"column":8}},"52":{"start":{"line":133,"column":8},"end":{"line":133,"column":50}},"53":{"start":{"line":135,"column":6},"end":{"line":137,"column":7}},"54":{"start":{"line":136,"column":8},"end":{"line":136,"column":103}},"55":{"start":{"line":138,"column":6},"end":{"line":138,"column":118}},"56":{"start":{"line":153,"column":21},"end":{"line":153,"column":39}},"57":{"start":{"line":155,"column":6},"end":{"line":157,"column":7}},"58":{"start":{"line":156,"column":8},"end":{"line":156,"column":22}},"59":{"start":{"line":158,"column":34},"end":{"line":160,"column":8}},"60":{"start":{"line":159,"column":8},"end":{"line":159,"column":50}},"61":{"start":{"line":161,"column":6},"end":{"line":163,"column":7}},"62":{"start":{"line":162,"column":8},"end":{"line":162,"column":104}},"63":{"start":{"line":164,"column":6},"end":{"line":164,"column":118}},"64":{"start":{"line":168,"column":2},"end":{"line":168,"column":28}},"65":{"start":{"line":171,"column":0},"end":{"line":171,"column":37}}},"fnMap":{"0":{"name":"(anonymous_0)","decl":{"start":{"line":7,"column":19},"end":{"line":7,"column":20}},"loc":{"start":{"line":7,"column":31},"end":{"line":7,"column":561}},"line":7},"1":{"name":"defineProperties","decl":{"start":{"line":7,"column":42},"end":{"line":7,"column":58}},"loc":{"start":{"line":7,"column":74},"end":{"line":7,"column":349}},"line":7},"2":{"name":"(anonymous_2)","decl":{"start":{"line":7,"column":357},"end":{"line":7,"column":358}},"loc":{"start":{"line":7,"column":405},"end":{"line":7,"column":558}},"line":7},"3":{"name":"_classCallCheck","decl":{"start":{"line":11,"column":9},"end":{"line":11,"column":24}},"loc":{"start":{"line":11,"column":48},"end":{"line":11,"column":153}},"line":11},"4":{"name":"(anonymous_4)","decl":{"start":{"line":17,"column":25},"end":{"line":17,"column":26}},"loc":{"start":{"line":17,"column":37},"end":{"line":169,"column":1}},"line":17},"5":{"name":"BusinessController","decl":{"start":{"line":18,"column":11},"end":{"line":18,"column":29}},"loc":{"start":{"line":18,"column":32},"end":{"line":20,"column":3}},"line":18},"6":{"name":"getAllBusinesses","decl":{"start":{"line":32,"column":20},"end":{"line":32,"column":36}},"loc":{"start":{"line":32,"column":47},"end":{"line":37,"column":5}},"line":32},"7":{"name":"getBusinessById","decl":{"start":{"line":48,"column":20},"end":{"line":48,"column":35}},"loc":{"start":{"line":48,"column":46},"end":{"line":57,"column":5}},"line":48},"8":{"name":"(anonymous_8)","decl":{"start":{"line":50,"column":52},"end":{"line":50,"column":53}},"loc":{"start":{"line":50,"column":76},"end":{"line":52,"column":7}},"line":50},"9":{"name":"createBusiness","decl":{"start":{"line":68,"column":20},"end":{"line":68,"column":34}},"loc":{"start":{"line":68,"column":45},"end":{"line":75,"column":5}},"line":68},"10":{"name":"updateBusiness","decl":{"start":{"line":86,"column":20},"end":{"line":86,"column":34}},"loc":{"start":{"line":86,"column":45},"end":{"line":93,"column":5}},"line":86},"11":{"name":"(anonymous_11)","decl":{"start":{"line":88,"column":52},"end":{"line":88,"column":53}},"loc":{"start":{"line":88,"column":76},"end":{"line":90,"column":7}},"line":88},"12":{"name":"removeBusiness","decl":{"start":{"line":104,"column":20},"end":{"line":104,"column":34}},"loc":{"start":{"line":104,"column":45},"end":{"line":114,"column":5}},"line":104},"13":{"name":"(anonymous_13)","decl":{"start":{"line":106,"column":52},"end":{"line":106,"column":53}},"loc":{"start":{"line":106,"column":76},"end":{"line":108,"column":7}},"line":106},"14":{"name":"filterSearchByLocation","decl":{"start":{"line":126,"column":20},"end":{"line":126,"column":42}},"loc":{"start":{"line":126,"column":59},"end":{"line":139,"column":5}},"line":126},"15":{"name":"(anonymous_15)","decl":{"start":{"line":132,"column":67},"end":{"line":132,"column":68}},"loc":{"start":{"line":132,"column":91},"end":{"line":134,"column":7}},"line":132},"16":{"name":"filterSearchByCategory","decl":{"start":{"line":152,"column":20},"end":{"line":152,"column":42}},"loc":{"start":{"line":152,"column":59},"end":{"line":165,"column":5}},"line":152},"17":{"name":"(anonymous_17)","decl":{"start":{"line":158,"column":67},"end":{"line":158,"column":68}},"loc":{"start":{"line":158,"column":91},"end":{"line":160,"column":7}},"line":158}},"branchMap":{"0":{"loc":{"start":{"line":7,"column":168},"end":{"line":7,"column":198}},"type":"binary-expr","locations":[{"start":{"line":7,"column":168},"end":{"line":7,"column":189}},{"start":{"line":7,"column":193},"end":{"line":7,"column":198}}],"line":7},"1":{"loc":{"start":{"line":7,"column":232},"end":{"line":7,"column":286}},"type":"if","locations":[{"start":{"line":7,"column":232},"end":{"line":7,"column":286}},{"start":{"line":7,"column":232},"end":{"line":7,"column":286}}],"line":7},"2":{"loc":{"start":{"line":7,"column":407},"end":{"line":7,"column":475}},"type":"if","locations":[{"start":{"line":7,"column":407},"end":{"line":7,"column":475}},{"start":{"line":7,"column":407},"end":{"line":7,"column":475}}],"line":7},"3":{"loc":{"start":{"line":7,"column":476},"end":{"line":7,"column":536}},"type":"if","locations":[{"start":{"line":7,"column":476},"end":{"line":7,"column":536}},{"start":{"line":7,"column":476},"end":{"line":7,"column":536}}],"line":7},"4":{"loc":{"start":{"line":11,"column":50},"end":{"line":11,"column":151}},"type":"if","locations":[{"start":{"line":11,"column":50},"end":{"line":11,"column":151}},{"start":{"line":11,"column":50},"end":{"line":11,"column":151}}],"line":11},"5":{"loc":{"start":{"line":33,"column":6},"end":{"line":35,"column":7}},"type":"if","locations":[{"start":{"line":33,"column":6},"end":{"line":35,"column":7}},{"start":{"line":33,"column":6},"end":{"line":35,"column":7}}],"line":33},"6":{"loc":{"start":{"line":53,"column":6},"end":{"line":55,"column":7}},"type":"if","locations":[{"start":{"line":53,"column":6},"end":{"line":55,"column":7}},{"start":{"line":53,"column":6},"end":{"line":55,"column":7}}],"line":53},"7":{"loc":{"start":{"line":69,"column":23},"end":{"line":69,"column":146}},"type":"cond-expr","locations":[{"start":{"line":69,"column":64},"end":{"line":69,"column":65}},{"start":{"line":69,"column":68},"end":{"line":69,"column":146}}],"line":69},"8":{"loc":{"start":{"line":109,"column":6},"end":{"line":111,"column":7}},"type":"if","locations":[{"start":{"line":109,"column":6},"end":{"line":111,"column":7}},{"start":{"line":109,"column":6},"end":{"line":111,"column":7}}],"line":109},"9":{"loc":{"start":{"line":129,"column":6},"end":{"line":131,"column":7}},"type":"if","locations":[{"start":{"line":129,"column":6},"end":{"line":131,"column":7}},{"start":{"line":129,"column":6},"end":{"line":131,"column":7}}],"line":129},"10":{"loc":{"start":{"line":135,"column":6},"end":{"line":137,"column":7}},"type":"if","locations":[{"start":{"line":135,"column":6},"end":{"line":137,"column":7}},{"start":{"line":135,"column":6},"end":{"line":137,"column":7}}],"line":135},"11":{"loc":{"start":{"line":155,"column":6},"end":{"line":157,"column":7}},"type":"if","locations":[{"start":{"line":155,"column":6},"end":{"line":157,"column":7}},{"start":{"line":155,"column":6},"end":{"line":157,"column":7}}],"line":155},"12":{"loc":{"start":{"line":161,"column":6},"end":{"line":163,"column":7}},"type":"if","locations":[{"start":{"line":161,"column":6},"end":{"line":163,"column":7}},{"start":{"line":161,"column":6},"end":{"line":163,"column":7}}],"line":161}},"s":{"0":1,"1":1,"2":1,"3":7,"4":7,"5":7,"6":7,"7":7,"8":7,"9":1,"10":1,"11":0,"12":1,"13":1,"14":1,"15":1,"16":0,"17":0,"18":1,"19":0,"20":1,"21":3,"22":1,"23":2,"24":2,"25":2,"26":1,"27":2,"28":1,"29":1,"30":2,"31":2,"32":2,"33":2,"34":2,"35":2,"36":1,"37":1,"38":1,"39":1,"40":1,"41":2,"42":2,"43":1,"44":2,"45":1,"46":1,"47":1,"48":7,"49":7,"50":5,"51":2,"52":4,"53":2,"54":1,"55":1,"56":5,"57":5,"58":3,"59":2,"60":4,"61":2,"62":1,"63":1,"64":1,"65":1},"f":{"0":1,"1":1,"2":1,"3":0,"4":1,"5":0,"6":3,"7":2,"8":1,"9":2,"10":1,"11":1,"12":2,"13":1,"14":7,"15":4,"16":5,"17":4},"b":{"0":[7,7],"1":[7,0],"2":[0,1],"3":[1,0],"4":[0,0],"5":[1,2],"6":[1,1],"7":[1,1],"8":[1,1],"9":[5,2],"10":[1,1],"11":[3,2],"12":[1,1]},"_coverageSchema":"332fd63041d2c1bcb487cc26dd0d5f7d97098a6c","hash":"eda4de477c1d3f8df966afa0b5545dc3d250ba42","contentHash":"6d25df8148351d8d15cdbf1202d977a3_11.6.0"},"C:\\Users\\udochukwu\\Desktop\\we-connect\\server\\src\\dummydatabase\\dummydatabase.js":{"path":"C:\\Users\\udochukwu\\Desktop\\we-connect\\server\\src\\dummydatabase\\dummydatabase.js","statementMap":{"0":{"start":{"line":3,"column":0},"end":{"line":5,"column":3}},"1":{"start":{"line":6,"column":12},"end":{"line":14,"column":2}},"2":{"start":{"line":15,"column":14},"end":{"line":20,"column":2}},"3":{"start":{"line":21,"column":17},"end":{"line":30,"column":2}},"4":{"start":{"line":32,"column":0},"end":{"line":32,"column":32}},"5":{"start":{"line":33,"column":0},"end":{"line":33,"column":26}},"6":{"start":{"line":34,"column":0},"end":{"line":34,"column":22}}},"fnMap":{},"branchMap":{},"s":{"0":1,"1":1,"2":1,"3":1,"4":1,"5":1,"6":1},"f":{},"b":{},"_coverageSchema":"332fd63041d2c1bcb487cc26dd0d5f7d97098a6c","hash":"e75125c15ee8f1836166e8be7129aafe24e98811","contentHash":"e2bb573431d368405b0f92d21d58568c_11.6.0"},"C:\\Users\\udochukwu\\Desktop\\we-connect\\server\\src\\controllers\\ReviewController.js":{"path":"C:\\Users\\udochukwu\\Desktop\\we-connect\\server\\src\\controllers\\ReviewController.js","statementMap":{"0":{"start":{"line":3,"column":0},"end":{"line":5,"column":3}},"1":{"start":{"line":7,"column":19},"end":{"line":7,"column":563}},"2":{"start":{"line":7,"column":76},"end":{"line":7,"column":347}},"3":{"start":{"line":7,"column":134},"end":{"line":7,"column":142}},"4":{"start":{"line":7,"column":144},"end":{"line":7,"column":199}},"5":{"start":{"line":7,"column":200},"end":{"line":7,"column":231}},"6":{"start":{"line":7,"column":232},"end":{"line":7,"column":286}},"7":{"start":{"line":7,"column":259},"end":{"line":7,"column":286}},"8":{"start":{"line":7,"column":287},"end":{"line":7,"column":345}},"9":{"start":{"line":7,"column":350},"end":{"line":7,"column":559}},"10":{"start":{"line":7,"column":407},"end":{"line":7,"column":475}},"11":{"start":{"line":7,"column":423},"end":{"line":7,"column":475}},"12":{"start":{"line":7,"column":476},"end":{"line":7,"column":536}},"13":{"start":{"line":7,"column":493},"end":{"line":7,"column":536}},"14":{"start":{"line":7,"column":537},"end":{"line":7,"column":556}},"15":{"start":{"line":9,"column":21},"end":{"line":9,"column":62}},"16":{"start":{"line":11,"column":50},"end":{"line":11,"column":151}},"17":{"start":{"line":11,"column":92},"end":{"line":11,"column":149}},"18":{"start":{"line":17,"column":23},"end":{"line":83,"column":3}},"19":{"start":{"line":19,"column":4},"end":{"line":19,"column":44}},"20":{"start":{"line":22,"column":2},"end":{"line":80,"column":6}},"21":{"start":{"line":33,"column":15},"end":{"line":33,"column":36}},"22":{"start":{"line":34,"column":21},"end":{"line":36,"column":8}},"23":{"start":{"line":35,"column":8},"end":{"line":35,"column":48}},"24":{"start":{"line":37,"column":6},"end":{"line":39,"column":7}},"25":{"start":{"line":38,"column":8},"end":{"line":38,"column":123}},"26":{"start":{"line":40,"column":26},"end":{"line":40,"column":69}},"27":{"start":{"line":41,"column":21},"end":{"line":41,"column":211}},"28":{"start":{"line":42,"column":22},"end":{"line":42,"column":30}},"29":{"start":{"line":43,"column":26},"end":{"line":43,"column":49}},"30":{"start":{"line":44,"column":19},"end":{"line":44,"column":35}},"31":{"start":{"line":46,"column":19},"end":{"line":51,"column":7}},"32":{"start":{"line":52,"column":6},"end":{"line":52,"column":68}},"33":{"start":{"line":53,"column":6},"end":{"line":53,"column":96}},"34":{"start":{"line":66,"column":15},"end":{"line":66,"column":36}},"35":{"start":{"line":67,"column":21},"end":{"line":69,"column":8}},"36":{"start":{"line":68,"column":8},"end":{"line":68,"column":48}},"37":{"start":{"line":70,"column":6},"end":{"line":72,"column":7}},"38":{"start":{"line":71,"column":8},"end":{"line":71,"column":122}},"39":{"start":{"line":73,"column":26},"end":{"line":73,"column":69}},"40":{"start":{"line":74,"column":23},"end":{"line":74,"column":71}},"41":{"start":{"line":75,"column":6},"end":{"line":77,"column":7}},"42":{"start":{"line":76,"column":8},"end":{"line":76,"column":122}},"43":{"start":{"line":78,"column":6},"end":{"line":78,"column":102}},"44":{"start":{"line":82,"column":2},"end":{"line":82,"column":26}},"45":{"start":{"line":85,"column":0},"end":{"line":85,"column":35}}},"fnMap":{"0":{"name":"(anonymous_0)","decl":{"start":{"line":7,"column":19},"end":{"line":7,"column":20}},"loc":{"start":{"line":7,"column":31},"end":{"line":7,"column":561}},"line":7},"1":{"name":"defineProperties","decl":{"start":{"line":7,"column":42},"end":{"line":7,"column":58}},"loc":{"start":{"line":7,"column":74},"end":{"line":7,"column":349}},"line":7},"2":{"name":"(anonymous_2)","decl":{"start":{"line":7,"column":357},"end":{"line":7,"column":358}},"loc":{"start":{"line":7,"column":405},"end":{"line":7,"column":558}},"line":7},"3":{"name":"_classCallCheck","decl":{"start":{"line":11,"column":9},"end":{"line":11,"column":24}},"loc":{"start":{"line":11,"column":48},"end":{"line":11,"column":153}},"line":11},"4":{"name":"(anonymous_4)","decl":{"start":{"line":17,"column":23},"end":{"line":17,"column":24}},"loc":{"start":{"line":17,"column":35},"end":{"line":83,"column":1}},"line":17},"5":{"name":"ReviewController","decl":{"start":{"line":18,"column":11},"end":{"line":18,"column":27}},"loc":{"start":{"line":18,"column":30},"end":{"line":20,"column":3}},"line":18},"6":{"name":"addReview","decl":{"start":{"line":32,"column":20},"end":{"line":32,"column":29}},"loc":{"start":{"line":32,"column":40},"end":{"line":54,"column":5}},"line":32},"7":{"name":"(anonymous_7)","decl":{"start":{"line":34,"column":52},"end":{"line":34,"column":53}},"loc":{"start":{"line":34,"column":76},"end":{"line":36,"column":7}},"line":34},"8":{"name":"getAllReviews","decl":{"start":{"line":65,"column":20},"end":{"line":65,"column":33}},"loc":{"start":{"line":65,"column":44},"end":{"line":79,"column":5}},"line":65},"9":{"name":"(anonymous_9)","decl":{"start":{"line":67,"column":52},"end":{"line":67,"column":53}},"loc":{"start":{"line":67,"column":76},"end":{"line":69,"column":7}},"line":67}},"branchMap":{"0":{"loc":{"start":{"line":7,"column":168},"end":{"line":7,"column":198}},"type":"binary-expr","locations":[{"start":{"line":7,"column":168},"end":{"line":7,"column":189}},{"start":{"line":7,"column":193},"end":{"line":7,"column":198}}],"line":7},"1":{"loc":{"start":{"line":7,"column":232},"end":{"line":7,"column":286}},"type":"if","locations":[{"start":{"line":7,"column":232},"end":{"line":7,"column":286}},{"start":{"line":7,"column":232},"end":{"line":7,"column":286}}],"line":7},"2":{"loc":{"start":{"line":7,"column":407},"end":{"line":7,"column":475}},"type":"if","locations":[{"start":{"line":7,"column":407},"end":{"line":7,"column":475}},{"start":{"line":7,"column":407},"end":{"line":7,"column":475}}],"line":7},"3":{"loc":{"start":{"line":7,"column":476},"end":{"line":7,"column":536}},"type":"if","locations":[{"start":{"line":7,"column":476},"end":{"line":7,"column":536}},{"start":{"line":7,"column":476},"end":{"line":7,"column":536}}],"line":7},"4":{"loc":{"start":{"line":11,"column":50},"end":{"line":11,"column":151}},"type":"if","locations":[{"start":{"line":11,"column":50},"end":{"line":11,"column":151}},{"start":{"line":11,"column":50},"end":{"line":11,"column":151}}],"line":11},"5":{"loc":{"start":{"line":37,"column":6},"end":{"line":39,"column":7}},"type":"if","locations":[{"start":{"line":37,"column":6},"end":{"line":39,"column":7}},{"start":{"line":37,"column":6},"end":{"line":39,"column":7}}],"line":37},"6":{"loc":{"start":{"line":41,"column":21},"end":{"line":41,"column":211}},"type":"cond-expr","locations":[{"start":{"line":41,"column":85},"end":{"line":41,"column":86}},{"start":{"line":41,"column":89},"end":{"line":41,"column":211}}],"line":41},"7":{"loc":{"start":{"line":70,"column":6},"end":{"line":72,"column":7}},"type":"if","locations":[{"start":{"line":70,"column":6},"end":{"line":72,"column":7}},{"start":{"line":70,"column":6},"end":{"line":72,"column":7}}],"line":70},"8":{"loc":{"start":{"line":75,"column":6},"end":{"line":77,"column":7}},"type":"if","locations":[{"start":{"line":75,"column":6},"end":{"line":77,"column":7}},{"start":{"line":75,"column":6},"end":{"line":77,"column":7}}],"line":75}},"s":{"0":1,"1":1,"2":1,"3":2,"4":2,"5":2,"6":2,"7":2,"8":2,"9":1,"10":1,"11":0,"12":1,"13":1,"14":1,"15":1,"16":0,"17":0,"18":1,"19":0,"20":1,"21":2,"22":2,"23":3,"24":2,"25":1,"26":1,"27":1,"28":1,"29":1,"30":1,"31":1,"32":1,"33":1,"34":3,"35":3,"36":8,"37":3,"38":1,"39":2,"40":2,"41":2,"42":1,"43":1,"44":1,"45":1},"f":{"0":1,"1":1,"2":1,"3":0,"4":1,"5":0,"6":2,"7":3,"8":3,"9":8},"b":{"0":[2,2],"1":[2,0],"2":[0,1],"3":[1,0],"4":[0,0],"5":[1,1],"6":[1,0],"7":[1,2],"8":[1,1]},"_coverageSchema":"332fd63041d2c1bcb487cc26dd0d5f7d97098a6c","hash":"9512cef1f5916e2a3776c4ba322de626760e906d","contentHash":"9b05fad6fba044b92474ba1a84252e5e_11.6.0"},"C:\\Users\\udochukwu\\Desktop\\we-connect\\server\\src\\controllers\\UserController.js":{"path":"C:\\Users\\udochukwu\\Desktop\\we-connect\\server\\src\\controllers\\UserController.js","statementMap":{"0":{"start":{"line":3,"column":0},"end":{"line":5,"column":3}},"1":{"start":{"line":7,"column":19},"end":{"line":7,"column":563}},"2":{"start":{"line":7,"column":76},"end":{"line":7,"column":347}},"3":{"start":{"line":7,"column":134},"end":{"line":7,"column":142}},"4":{"start":{"line":7,"column":144},"end":{"line":7,"column":199}},"5":{"start":{"line":7,"column":200},"end":{"line":7,"column":231}},"6":{"start":{"line":7,"column":232},"end":{"line":7,"column":286}},"7":{"start":{"line":7,"column":259},"end":{"line":7,"column":286}},"8":{"start":{"line":7,"column":287},"end":{"line":7,"column":345}},"9":{"start":{"line":7,"column":350},"end":{"line":7,"column":559}},"10":{"start":{"line":7,"column":407},"end":{"line":7,"column":475}},"11":{"start":{"line":7,"column":423},"end":{"line":7,"column":475}},"12":{"start":{"line":7,"column":476},"end":{"line":7,"column":536}},"13":{"start":{"line":7,"column":493},"end":{"line":7,"column":536}},"14":{"start":{"line":7,"column":537},"end":{"line":7,"column":556}},"15":{"start":{"line":9,"column":21},"end":{"line":9,"column":62}},"16":{"start":{"line":11,"column":50},"end":{"line":11,"column":151}},"17":{"start":{"line":11,"column":92},"end":{"line":11,"column":149}},"18":{"start":{"line":17,"column":21},"end":{"line":82,"column":3}},"19":{"start":{"line":19,"column":4},"end":{"line":19,"column":42}},"20":{"start":{"line":22,"column":2},"end":{"line":79,"column":6}},"21":{"start":{"line":34,"column":22},"end":{"line":34,"column":30}},"22":{"start":{"line":35,"column":18},"end":{"line":35,"column":33}},"23":{"start":{"line":36,"column":21},"end":{"line":36,"column":39}},"24":{"start":{"line":38,"column":6},"end":{"line":51,"column":7}},"25":{"start":{"line":39,"column":19},"end":{"line":41,"column":10}},"26":{"start":{"line":40,"column":10},"end":{"line":40,"column":42}},"27":{"start":{"line":42,"column":8},"end":{"line":50,"column":9}},"28":{"start":{"line":43,"column":10},"end":{"line":47,"column":11}},"29":{"start":{"line":44,"column":12},"end":{"line":44,"column":76}},"30":{"start":{"line":46,"column":12},"end":{"line":46,"column":82}},"31":{"start":{"line":49,"column":10},"end":{"line":49,"column":82}},"32":{"start":{"line":65,"column":17},"end":{"line":65,"column":25}},"33":{"start":{"line":66,"column":22},"end":{"line":68,"column":8}},"34":{"start":{"line":67,"column":8},"end":{"line":67,"column":45}},"35":{"start":{"line":69,"column":6},"end":{"line":77,"column":7}},"36":{"start":{"line":70,"column":21},"end":{"line":70,"column":125}},"37":{"start":{"line":71,"column":8},"end":{"line":71,"column":29}},"38":{"start":{"line":72,"column":8},"end":{"line":72,"column":29}},"39":{"start":{"line":73,"column":8},"end":{"line":73,"column":40}},"40":{"start":{"line":74,"column":8},"end":{"line":74,"column":84}},"41":{"start":{"line":76,"column":8},"end":{"line":76,"column":65}},"42":{"start":{"line":81,"column":2},"end":{"line":81,"column":24}},"43":{"start":{"line":84,"column":0},"end":{"line":84,"column":33}}},"fnMap":{"0":{"name":"(anonymous_0)","decl":{"start":{"line":7,"column":19},"end":{"line":7,"column":20}},"loc":{"start":{"line":7,"column":31},"end":{"line":7,"column":561}},"line":7},"1":{"name":"defineProperties","decl":{"start":{"line":7,"column":42},"end":{"line":7,"column":58}},"loc":{"start":{"line":7,"column":74},"end":{"line":7,"column":349}},"line":7},"2":{"name":"(anonymous_2)","decl":{"start":{"line":7,"column":357},"end":{"line":7,"column":358}},"loc":{"start":{"line":7,"column":405},"end":{"line":7,"column":558}},"line":7},"3":{"name":"_classCallCheck","decl":{"start":{"line":11,"column":9},"end":{"line":11,"column":24}},"loc":{"start":{"line":11,"column":48},"end":{"line":11,"column":153}},"line":11},"4":{"name":"(anonymous_4)","decl":{"start":{"line":17,"column":21},"end":{"line":17,"column":22}},"loc":{"start":{"line":17,"column":33},"end":{"line":82,"column":1}},"line":17},"5":{"name":"UserController","decl":{"start":{"line":18,"column":11},"end":{"line":18,"column":25}},"loc":{"start":{"line":18,"column":28},"end":{"line":20,"column":3}},"line":18},"6":{"name":"loginUser","decl":{"start":{"line":33,"column":20},"end":{"line":33,"column":29}},"loc":{"start":{"line":33,"column":40},"end":{"line":52,"column":5}},"line":33},"7":{"name":"(anonymous_7)","decl":{"start":{"line":39,"column":45},"end":{"line":39,"column":46}},"loc":{"start":{"line":39,"column":65},"end":{"line":41,"column":9}},"line":39},"8":{"name":"signupUser","decl":{"start":{"line":64,"column":20},"end":{"line":64,"column":30}},"loc":{"start":{"line":64,"column":41},"end":{"line":78,"column":5}},"line":64},"9":{"name":"(anonymous_9)","decl":{"start":{"line":66,"column":48},"end":{"line":66,"column":49}},"loc":{"start":{"line":66,"column":68},"end":{"line":68,"column":7}},"line":66}},"branchMap":{"0":{"loc":{"start":{"line":7,"column":168},"end":{"line":7,"column":198}},"type":"binary-expr","locations":[{"start":{"line":7,"column":168},"end":{"line":7,"column":189}},{"start":{"line":7,"column":193},"end":{"line":7,"column":198}}],"line":7},"1":{"loc":{"start":{"line":7,"column":232},"end":{"line":7,"column":286}},"type":"if","locations":[{"start":{"line":7,"column":232},"end":{"line":7,"column":286}},{"start":{"line":7,"column":232},"end":{"line":7,"column":286}}],"line":7},"2":{"loc":{"start":{"line":7,"column":407},"end":{"line":7,"column":475}},"type":"if","locations":[{"start":{"line":7,"column":407},"end":{"line":7,"column":475}},{"start":{"line":7,"column":407},"end":{"line":7,"column":475}}],"line":7},"3":{"loc":{"start":{"line":7,"column":476},"end":{"line":7,"column":536}},"type":"if","locations":[{"start":{"line":7,"column":476},"end":{"line":7,"column":536}},{"start":{"line":7,"column":476},"end":{"line":7,"column":536}}],"line":7},"4":{"loc":{"start":{"line":11,"column":50},"end":{"line":11,"column":151}},"type":"if","locations":[{"start":{"line":11,"column":50},"end":{"line":11,"column":151}},{"start":{"line":11,"column":50},"end":{"line":11,"column":151}}],"line":11},"5":{"loc":{"start":{"line":38,"column":6},"end":{"line":51,"column":7}},"type":"if","locations":[{"start":{"line":38,"column":6},"end":{"line":51,"column":7}},{"start":{"line":38,"column":6},"end":{"line":51,"column":7}}],"line":38},"6":{"loc":{"start":{"line":38,"column":10},"end":{"line":38,"column":27}},"type":"binary-expr","locations":[{"start":{"line":38,"column":10},"end":{"line":38,"column":15}},{"start":{"line":38,"column":19},"end":{"line":38,"column":27}}],"line":38},"7":{"loc":{"start":{"line":42,"column":8},"end":{"line":50,"column":9}},"type":"if","locations":[{"start":{"line":42,"column":8},"end":{"line":50,"column":9}},{"start":{"line":42,"column":8},"end":{"line":50,"column":9}}],"line":42},"8":{"loc":{"start":{"line":43,"column":10},"end":{"line":47,"column":11}},"type":"if","locations":[{"start":{"line":43,"column":10},"end":{"line":47,"column":11}},{"start":{"line":43,"column":10},"end":{"line":47,"column":11}}],"line":43},"9":{"loc":{"start":{"line":43,"column":14},"end":{"line":43,"column":64}},"type":"binary-expr","locations":[{"start":{"line":43,"column":14},"end":{"line":43,"column":40}},{"start":{"line":43,"column":44},"end":{"line":43,"column":64}}],"line":43},"10":{"loc":{"start":{"line":69,"column":6},"end":{"line":77,"column":7}},"type":"if","locations":[{"start":{"line":69,"column":6},"end":{"line":77,"column":7}},{"start":{"line":69,"column":6},"end":{"line":77,"column":7}}],"line":69},"11":{"loc":{"start":{"line":70,"column":21},"end":{"line":70,"column":125}},"type":"cond-expr","locations":[{"start":{"line":70,"column":57},"end":{"line":70,"column":58}},{"start":{"line":70,"column":61},"end":{"line":70,"column":125}}],"line":70}},"s":{"0":1,"1":1,"2":1,"3":2,"4":2,"5":2,"6":2,"7":2,"8":2,"9":1,"10":1,"11":0,"12":1,"13":1,"14":1,"15":1,"16":0,"17":0,"18":1,"19":0,"20":1,"21":3,"22":3,"23":3,"24":3,"25":3,"26":3,"27":3,"28":2,"29":1,"30":1,"31":1,"32":2,"33":2,"34":3,"35":2,"36":1,"37":1,"38":1,"39":1,"40":1,"41":1,"42":1,"43":1},"f":{"0":1,"1":1,"2":1,"3":0,"4":1,"5":0,"6":3,"7":3,"8":2,"9":3},"b":{"0":[2,2],"1":[2,0],"2":[0,1],"3":[1,0],"4":[0,0],"5":[3,0],"6":[3,3],"7":[2,1],"8":[1,1],"9":[2,1],"10":[1,1],"11":[0,1]},"_coverageSchema":"332fd63041d2c1bcb487cc26dd0d5f7d97098a6c","hash":"8f1c64bd48def905b0cb6837d6098cc65aea71ff","contentHash":"b2e771732388181eaec40f9904684681_11.6.0"},"C:\\Users\\udochukwu\\Desktop\\we-connect\\server\\src\\middlewares\\UserValidation.js":{"path":"C:\\Users\\udochukwu\\Desktop\\we-connect\\server\\src\\middlewares\\UserValidation.js","statementMap":{"0":{"start":{"line":3,"column":0},"end":{"line":5,"column":3}},"1":{"start":{"line":7,"column":19},"end":{"line":7,"column":563}},"2":{"start":{"line":7,"column":76},"end":{"line":7,"column":347}},"3":{"start":{"line":7,"column":134},"end":{"line":7,"column":142}},"4":{"start":{"line":7,"column":144},"end":{"line":7,"column":199}},"5":{"start":{"line":7,"column":200},"end":{"line":7,"column":231}},"6":{"start":{"line":7,"column":232},"end":{"line":7,"column":286}},"7":{"start":{"line":7,"column":259},"end":{"line":7,"column":286}},"8":{"start":{"line":7,"column":287},"end":{"line":7,"column":345}},"9":{"start":{"line":7,"column":350},"end":{"line":7,"column":559}},"10":{"start":{"line":7,"column":407},"end":{"line":7,"column":475}},"11":{"start":{"line":7,"column":423},"end":{"line":7,"column":475}},"12":{"start":{"line":7,"column":476},"end":{"line":7,"column":536}},"13":{"start":{"line":7,"column":493},"end":{"line":7,"column":536}},"14":{"start":{"line":7,"column":537},"end":{"line":7,"column":556}},"15":{"start":{"line":9,"column":29},"end":{"line":9,"column":71}},"16":{"start":{"line":11,"column":30},"end":{"line":11,"column":76}},"17":{"start":{"line":13,"column":39},"end":{"line":13,"column":93}},"18":{"start":{"line":15,"column":50},"end":{"line":15,"column":151}},"19":{"start":{"line":15,"column":92},"end":{"line":15,"column":149}},"20":{"start":{"line":17,"column":20},"end":{"line":17,"column":65}},"21":{"start":{"line":18,"column":19},"end":{"line":18,"column":63}},"22":{"start":{"line":19,"column":23},"end":{"line":19,"column":71}},"23":{"start":{"line":20,"column":26},"end":{"line":20,"column":77}},"24":{"start":{"line":27,"column":21},"end":{"line":82,"column":3}},"25":{"start":{"line":29,"column":4},"end":{"line":29,"column":42}},"26":{"start":{"line":32,"column":2},"end":{"line":79,"column":6}},"27":{"start":{"line":45,"column":22},"end":{"line":45,"column":30}},"28":{"start":{"line":46,"column":22},"end":{"line":46,"column":41}},"29":{"start":{"line":47,"column":21},"end":{"line":47,"column":39}},"30":{"start":{"line":48,"column":18},"end":{"line":48,"column":33}},"31":{"start":{"line":49,"column":21},"end":{"line":49,"column":39}},"32":{"start":{"line":50,"column":22},"end":{"line":50,"column":41}},"33":{"start":{"line":51,"column":20},"end":{"line":51,"column":37}},"34":{"start":{"line":52,"column":24},"end":{"line":52,"column":45}},"35":{"start":{"line":54,"column":27},"end":{"line":54,"column":97}},"36":{"start":{"line":55,"column":6},"end":{"line":59,"column":7}},"37":{"start":{"line":56,"column":8},"end":{"line":58,"column":11}},"38":{"start":{"line":60,"column":17},"end":{"line":68,"column":7}},"39":{"start":{"line":69,"column":25},"end":{"line":69,"column":197}},"40":{"start":{"line":70,"column":6},"end":{"line":72,"column":7}},"41":{"start":{"line":71,"column":8},"end":{"line":71,"column":82}},"42":{"start":{"line":73,"column":6},"end":{"line":75,"column":7}},"43":{"start":{"line":74,"column":8},"end":{"line":74,"column":105}},"44":{"start":{"line":76,"column":6},"end":{"line":76,"column":22}},"45":{"start":{"line":77,"column":6},"end":{"line":77,"column":20}},"46":{"start":{"line":81,"column":2},"end":{"line":81,"column":24}},"47":{"start":{"line":84,"column":0},"end":{"line":84,"column":33}}},"fnMap":{"0":{"name":"(anonymous_0)","decl":{"start":{"line":7,"column":19},"end":{"line":7,"column":20}},"loc":{"start":{"line":7,"column":31},"end":{"line":7,"column":561}},"line":7},"1":{"name":"defineProperties","decl":{"start":{"line":7,"column":42},"end":{"line":7,"column":58}},"loc":{"start":{"line":7,"column":74},"end":{"line":7,"column":349}},"line":7},"2":{"name":"(anonymous_2)","decl":{"start":{"line":7,"column":357},"end":{"line":7,"column":358}},"loc":{"start":{"line":7,"column":405},"end":{"line":7,"column":558}},"line":7},"3":{"name":"_interopRequireDefault","decl":{"start":{"line":13,"column":9},"end":{"line":13,"column":31}},"loc":{"start":{"line":13,"column":37},"end":{"line":13,"column":95}},"line":13},"4":{"name":"_classCallCheck","decl":{"start":{"line":15,"column":9},"end":{"line":15,"column":24}},"loc":{"start":{"line":15,"column":48},"end":{"line":15,"column":153}},"line":15},"5":{"name":"(anonymous_5)","decl":{"start":{"line":27,"column":21},"end":{"line":27,"column":22}},"loc":{"start":{"line":27,"column":33},"end":{"line":82,"column":1}},"line":27},"6":{"name":"UserValidation","decl":{"start":{"line":28,"column":11},"end":{"line":28,"column":25}},"loc":{"start":{"line":28,"column":28},"end":{"line":30,"column":3}},"line":28},"7":{"name":"validatesignUp","decl":{"start":{"line":44,"column":20},"end":{"line":44,"column":34}},"loc":{"start":{"line":44,"column":51},"end":{"line":78,"column":5}},"line":44}},"branchMap":{"0":{"loc":{"start":{"line":7,"column":168},"end":{"line":7,"column":198}},"type":"binary-expr","locations":[{"start":{"line":7,"column":168},"end":{"line":7,"column":189}},{"start":{"line":7,"column":193},"end":{"line":7,"column":198}}],"line":7},"1":{"loc":{"start":{"line":7,"column":232},"end":{"line":7,"column":286}},"type":"if","locations":[{"start":{"line":7,"column":232},"end":{"line":7,"column":286}},{"start":{"line":7,"column":232},"end":{"line":7,"column":286}}],"line":7},"2":{"loc":{"start":{"line":7,"column":407},"end":{"line":7,"column":475}},"type":"if","locations":[{"start":{"line":7,"column":407},"end":{"line":7,"column":475}},{"start":{"line":7,"column":407},"end":{"line":7,"column":475}}],"line":7},"3":{"loc":{"start":{"line":7,"column":476},"end":{"line":7,"column":536}},"type":"if","locations":[{"start":{"line":7,"column":476},"end":{"line":7,"column":536}},{"start":{"line":7,"column":476},"end":{"line":7,"column":536}}],"line":7},"4":{"loc":{"start":{"line":13,"column":46},"end":{"line":13,"column":92}},"type":"cond-expr","locations":[{"start":{"line":13,"column":70},"end":{"line":13,"column":73}},{"start":{"line":13,"column":76},"end":{"line":13,"column":92}}],"line":13},"5":{"loc":{"start":{"line":13,"column":46},"end":{"line":13,"column":67}},"type":"binary-expr","locations":[{"start":{"line":13,"column":46},"end":{"line":13,"column":49}},{"start":{"line":13,"column":53},"end":{"line":13,"column":67}}],"line":13},"6":{"loc":{"start":{"line":15,"column":50},"end":{"line":15,"column":151}},"type":"if","locations":[{"start":{"line":15,"column":50},"end":{"line":15,"column":151}},{"start":{"line":15,"column":50},"end":{"line":15,"column":151}}],"line":15},"7":{"loc":{"start":{"line":54,"column":27},"end":{"line":54,"column":97}},"type":"binary-expr","locations":[{"start":{"line":54,"column":27},"end":{"line":54,"column":36}},{"start":{"line":54,"column":40},"end":{"line":54,"column":45}},{"start":{"line":54,"column":49},"end":{"line":54,"column":57}},{"start":{"line":54,"column":61},"end":{"line":54,"column":69}},{"start":{"line":54,"column":73},"end":{"line":54,"column":82}},{"start":{"line":54,"column":86},"end":{"line":54,"column":97}}],"line":54},"8":{"loc":{"start":{"line":55,"column":6},"end":{"line":59,"column":7}},"type":"if","locations":[{"start":{"line":55,"column":6},"end":{"line":59,"column":7}},{"start":{"line":55,"column":6},"end":{"line":59,"column":7}}],"line":55},"9":{"loc":{"start":{"line":69,"column":25},"end":{"line":69,"column":197}},"type":"binary-expr","locations":[{"start":{"line":69,"column":25},"end":{"line":69,"column":47}},{"start":{"line":69,"column":51},"end":{"line":69,"column":72}},{"start":{"line":69,"column":76},"end":{"line":69,"column":94}},{"start":{"line":69,"column":98},"end":{"line":69,"column":119}},{"start":{"line":69,"column":123},"end":{"line":69,"column":145}},{"start":{"line":69,"column":149},"end":{"line":69,"column":169}},{"start":{"line":69,"column":173},"end":{"line":69,"column":197}}],"line":69},"10":{"loc":{"start":{"line":70,"column":6},"end":{"line":72,"column":7}},"type":"if","locations":[{"start":{"line":70,"column":6},"end":{"line":72,"column":7}},{"start":{"line":70,"column":6},"end":{"line":72,"column":7}}],"line":70},"11":{"loc":{"start":{"line":73,"column":6},"end":{"line":75,"column":7}},"type":"if","locations":[{"start":{"line":73,"column":6},"end":{"line":75,"column":7}},{"start":{"line":73,"column":6},"end":{"line":75,"column":7}}],"line":73}},"s":{"0":1,"1":1,"2":1,"3":1,"4":1,"5":1,"6":1,"7":1,"8":1,"9":1,"10":1,"11":0,"12":1,"13":1,"14":1,"15":1,"16":1,"17":1,"18":0,"19":0,"20":1,"21":1,"22":1,"23":1,"24":1,"25":0,"26":1,"27":6,"28":6,"29":6,"30":6,"31":6,"32":6,"33":6,"34":6,"35":6,"36":6,"37":1,"38":5,"39":5,"40":5,"41":2,"42":3,"43":1,"44":2,"45":2,"46":1,"47":1},"f":{"0":1,"1":1,"2":1,"3":1,"4":0,"5":1,"6":0,"7":6},"b":{"0":[1,1],"1":[1,0],"2":[0,1],"3":[1,0],"4":[1,0],"5":[1,1],"6":[0,0],"7":[6,6,6,5,5,5],"8":[1,5],"9":[5,5,3,3,3,3,3],"10":[2,3],"11":[1,2]},"_coverageSchema":"332fd63041d2c1bcb487cc26dd0d5f7d97098a6c","hash":"4bb667b574ed9bdd1079f4dd1447488eea0ea2c2","contentHash":"5be669903fc259a73830cf519e132425_11.6.0"},"C:\\Users\\udochukwu\\Desktop\\we-connect\\server\\src\\helper\\InputFieldsValidation.js":{"path":"C:\\Users\\udochukwu\\Desktop\\we-connect\\server\\src\\helper\\InputFieldsValidation.js","statementMap":{"0":{"start":{"line":3,"column":0},"end":{"line":5,"column":3}},"1":{"start":{"line":7,"column":19},"end":{"line":7,"column":563}},"2":{"start":{"line":7,"column":76},"end":{"line":7,"column":347}},"3":{"start":{"line":7,"column":134},"end":{"line":7,"column":142}},"4":{"start":{"line":7,"column":144},"end":{"line":7,"column":199}},"5":{"start":{"line":7,"column":200},"end":{"line":7,"column":231}},"6":{"start":{"line":7,"column":232},"end":{"line":7,"column":286}},"7":{"start":{"line":7,"column":259},"end":{"line":7,"column":286}},"8":{"start":{"line":7,"column":287},"end":{"line":7,"column":345}},"9":{"start":{"line":7,"column":350},"end":{"line":7,"column":559}},"10":{"start":{"line":7,"column":407},"end":{"line":7,"column":475}},"11":{"start":{"line":7,"column":423},"end":{"line":7,"column":475}},"12":{"start":{"line":7,"column":476},"end":{"line":7,"column":536}},"13":{"start":{"line":7,"column":493},"end":{"line":7,"column":536}},"14":{"start":{"line":7,"column":537},"end":{"line":7,"column":556}},"15":{"start":{"line":9,"column":50},"end":{"line":9,"column":151}},"16":{"start":{"line":9,"column":92},"end":{"line":9,"column":149}},"17":{"start":{"line":15,"column":28},"end":{"line":165,"column":3}},"18":{"start":{"line":17,"column":4},"end":{"line":17,"column":49}},"19":{"start":{"line":20,"column":2},"end":{"line":162,"column":6}},"20":{"start":{"line":31,"column":6},"end":{"line":31,"column":25}},"21":{"start":{"line":32,"column":6},"end":{"line":36,"column":7}},"22":{"start":{"line":33,"column":8},"end":{"line":33,"column":46}},"23":{"start":{"line":34,"column":13},"end":{"line":36,"column":7}},"24":{"start":{"line":35,"column":8},"end":{"line":35,"column":70}},"25":{"start":{"line":37,"column":6},"end":{"line":37,"column":52}},"26":{"start":{"line":50,"column":6},"end":{"line":50,"column":33}},"27":{"start":{"line":51,"column":6},"end":{"line":59,"column":7}},"28":{"start":{"line":52,"column":8},"end":{"line":52,"column":56}},"29":{"start":{"line":53,"column":13},"end":{"line":59,"column":7}},"30":{"start":{"line":54,"column":8},"end":{"line":54,"column":76}},"31":{"start":{"line":55,"column":13},"end":{"line":59,"column":7}},"32":{"start":{"line":56,"column":8},"end":{"line":56,"column":66}},"33":{"start":{"line":57,"column":13},"end":{"line":59,"column":7}},"34":{"start":{"line":58,"column":8},"end":{"line":58,"column":103}},"35":{"start":{"line":60,"column":6},"end":{"line":60,"column":22}},"36":{"start":{"line":73,"column":6},"end":{"line":73,"column":27}},"37":{"start":{"line":74,"column":6},"end":{"line":80,"column":7}},"38":{"start":{"line":75,"column":8},"end":{"line":75,"column":58}},"39":{"start":{"line":76,"column":13},"end":{"line":80,"column":7}},"40":{"start":{"line":77,"column":8},"end":{"line":77,"column":61}},"41":{"start":{"line":78,"column":13},"end":{"line":80,"column":7}},"42":{"start":{"line":79,"column":8},"end":{"line":79,"column":64}},"43":{"start":{"line":81,"column":6},"end":{"line":81,"column":19}},"44":{"start":{"line":94,"column":6},"end":{"line":94,"column":27}},"45":{"start":{"line":95,"column":6},"end":{"line":97,"column":7}},"46":{"start":{"line":96,"column":8},"end":{"line":96,"column":90}},"47":{"start":{"line":98,"column":6},"end":{"line":98,"column":19}},"48":{"start":{"line":111,"column":23},"end":{"line":111,"column":85}},"49":{"sta
[...]
umn":47}},"71":{"start":{"line":116,"column":6},"end":{"line":116,"column":99}},"72":{"start":{"line":117,"column":6},"end":{"line":117,"column":13}}},"fnMap":{"0":{"name":"_interopRequireDefault","decl":{"start":{"line":17,"column":9},"end":{"line":17,"column":31}},"loc":{"start":{"line":17,"column":37},"end":{"line":17,"column":95}},"line":17},"1":{"name":"(anonymous_1)","decl":{"start":{"line":22,"column":34},"end":{"line":22,"column":35}},"loc":{"start":{"line":22,"column":46},"end":{"line":36,"column":1}},"line":22},"2":{"name":"(anonymous_2)","decl":{"start":{"line":23,"column":69},"end":{"line":23,"column":70}},"loc":{"start":{"line":23,"column":85},"end":{"line":35,"column":3}},"line":23},"3":{"name":"(anonymous_3)","decl":{"start":{"line":28,"column":96},"end":{"line":28,"column":97}},"loc":{"start":{"line":28,"column":116},"end":{"line":34,"column":5}},"line":28},"4":{"name":"(anonymous_4)","decl":{"start":{"line":37,"column":34},"end":{"line":37,"column":35}},"loc":{"start":{"line":37,"column":46},"end":{"line":68,"column":1}},"line":37},"5":{"name":"(anonymous_5)","decl":{"start":{"line":38,"column":61},"end":{"line":38,"column":62}},"loc":{"start":{"line":38,"column":77},"end":{"line":67,"column":3}},"line":38},"6":{"name":"(anonymous_6)","decl":{"start":{"line":53,"column":96},"end":{"line":53,"column":97}},"loc":{"start":{"line":53,"column":116},"end":{"line":66,"column":5}},"line":53},"7":{"name":"(anonymous_7)","decl":{"start":{"line":69,"column":59},"end":{"line":69,"column":60}},"loc":{"start":{"line":69,"column":71},"end":{"line":88,"column":1}},"line":69},"8":{"name":"(anonymous_8)","decl":{"start":{"line":70,"column":68},"end":{"line":70,"column":69}},"loc":{"start":{"line":70,"column":84},"end":{"line":87,"column":3}},"line":70},"9":{"name":"(anonymous_9)","decl":{"start":{"line":71,"column":82},"end":{"line":71,"column":83}},"loc":{"start":{"line":71,"column":102},"end":{"line":86,"column":5}},"line":71},"10":{"name":"(anonymous_10)","decl":{"start":{"line":89,"column":76},"end":{"line":89,"column":77}},"loc":{"start":{"line":89,"column":88},"end":{"line":109,"column":1}},"line":89},"11":{"name":"(anonymous_11)","decl":{"start":{"line":90,"column":81},"end":{"line":90,"column":82}},"loc":{"start":{"line":90,"column":97},"end":{"line":108,"column":3}},"line":90},"12":{"name":"(anonymous_12)","decl":{"start":{"line":101,"column":82},"end":{"line":101,"column":83}},"loc":{"start":{"line":101,"column":102},"end":{"line":107,"column":5}},"line":101},"13":{"name":"(anonymous_13)","decl":{"start":{"line":110,"column":66},"end":{"line":110,"column":67}},"loc":{"start":{"line":110,"column":78},"end":{"line":120,"column":1}},"line":110},"14":{"name":"(anonymous_14)","decl":{"start":{"line":111,"column":69},"end":{"line":111,"column":70}},"loc":{"start":{"line":111,"column":85},"end":{"line":119,"column":3}},"line":111},"15":{"name":"(anonymous_15)","decl":{"start":{"line":112,"column":83},"end":{"line":112,"column":84}},"loc":{"start":{"line":112,"column":103},"end":{"line":118,"column":5}},"line":112}},"branchMap":{"0":{"loc":{"start":{"line":17,"column":46},"end":{"line":17,"column":92}},"type":"cond-expr","locations":[{"start":{"line":17,"column":70},"end":{"line":17,"column":73}},{"start":{"line":17,"column":76},"end":{"line":17,"column":92}}],"line":17},"1":{"loc":{"start":{"line":17,"column":46},"end":{"line":17,"column":67}},"type":"binary-expr","locations":[{"start":{"line":17,"column":46},"end":{"line":17,"column":49}},{"start":{"line":17,"column":53},"end":{"line":17,"column":67}}],"line":17}},"s":{"0":1,"1":1,"2":1,"3":1,"4":1,"5":1,"6":1,"7":3,"8":1,"9":1,"10":1,"11":1,"12":1,"13":1,"14":1,"15":1,"16":1,"17":1,"18":1,"19":1,"20":1,"21":1,"22":1,"23":1,"24":1,"25":1,"26":1,"27":1,"28":1,"29":1,"30":1,"31":1,"32":1,"33":1,"34":1,"35":1,"36":1,"37":1,"38":1,"39":1,"40":1,"41":1,"42":1,"43":1,"44":1,"45":1,"46":1,"47":1,"48":1,"49":1,"50":1,"51":1,"52":1,"53":1,"54":1,"55":1,"56":1,"57":1,"58":1,"59":1,"60":1,"61":1,"62":1,"63":1,"64":1,"65":1,"66":1,"67":1,"68":1,"69":1,"70":1,"71":1,"72":1},"f":{"0":3,"1":1,"2":1,"3":1,"4":1,"5":1,"6":1,"7":1,"8":1,"9":1,"10":1,"11":1,"12":1,"13":1,"14":1,"15":1},"b":{"0":[0,3],"1":[3,3]},"_coverageSchema":"332fd63041d2c1bcb487cc26dd0d5f7d97098a6c","hash":"292123af9ea2545fce7a2dc4c70cb87f1d511718","contentHash":"c50cef1360db6e19da2a908dd034f0e2_11.6.0"},"C:\\Users\\udochukwu\\Desktop\\we-connect\\server\\src\\tests\\UserControllerTest\\UserControllerTest.js":{"path":"C:\\Users\\udochukwu\\Desktop\\we-connect\\server\\src\\tests\\UserControllerTest\\UserControllerTest.js","statementMap":{"0":{"start":{"line":3,"column":12},"end":{"line":3,"column":27}},"1":{"start":{"line":5,"column":13},"end":{"line":5,"column":42}},"2":{"start":{"line":7,"column":16},"end":{"line":7,"column":36}},"3":{"start":{"line":9,"column":17},"end":{"line":9,"column":50}},"4":{"start":{"line":11,"column":11},"end":{"line":11,"column":31}},"5":{"start":{"line":13,"column":12},"end":{"line":13,"column":40}},"6":{"start":{"line":15,"column":39},"end":{"line":15,"column":93}},"7":{"start":{"line":17,"column":13},"end":{"line":17,"column":36}},"8":{"start":{"line":18,"column":0},"end":{"line":18,"column":39}},"9":{"start":{"line":19,"column":0},"end":{"line":19,"column":30}},"10":{"start":{"line":20,"column":0},"end":{"line":60,"column":3}},"11":{"start":{"line":21,"column":2},"end":{"line":33,"column":5}},"12":{"start":{"line":22,"column":25},"end":{"line":25,"column":5}},"13":{"start":{"line":26,"column":4},"end":{"line":32,"column":7}},"14":{"start":{"line":27,"column":6},"end":{"line":27,"column":34}},"15":{"start":{"line":28,"column":6},"end":{"line":28,"column":37}},"16":{"start":{"line":29,"column":6},"end":{"line":29,"column":47}},"17":{"start":{"line":30,"column":6},"end":{"line":30,"column":67}},"18":{"start":{"line":31,"column":6},"end":{"line":31,"column":13}},"19":{"start":{"line":34,"column":2},"end":{"line":46,"column":5}},"20":{"start":{"line":35,"column":26},"end":{"line":38,"column":5}},"21":{"start":{"line":39,"column":4},"end":{"line":45,"column":7}},"22":{"start":{"line":40,"column":6},"end":{"line":40,"column":34}},"23":{"start":{"line":41,"column":6},"end":{"line":41,"column":37}},"24":{"start":{"line":42,"column":6},"end":{"line":42,"column":47}},"25":{"start":{"line":43,"column":6},"end":{"line":43,"column":75}},"26":{"start":{"line":44,"column":6},"end":{"line":44,"column":13}},"27":{"start":{"line":47,"column":2},"end":{"line":59,"column":5}},"28":{"start":{"line":48,"column":26},"end":{"line":51,"column":5}},"29":{"start":{"line":52,"column":4},"end":{"line":58,"column":7}},"30":{"start":{"line":53,"column":6},"end":{"line":53,"column":34}},"31":{"start":{"line":54,"column":6},"end":{"line":54,"column":37}},"32":{"start":{"line":55,"column":6},"end":{"line":55,"column":47}},"33":{"start":{"line":56,"column":6},"end":{"line":56,"column":73}},"34":{"start":{"line":57,"column":6},"end":{"line":57,"column":13}},"35":{"start":{"line":61,"column":0},"end":{"line":131,"column":3}},"36":{"start":{"line":62,"column":2},"end":{"line":87,"column":5}},"37":{"start":{"line":63,"column":18},"end":{"line":71,"column":5}},"38":{"start":{"line":72,"column":4},"end":{"line":86,"column":7}},"39":{"start":{"line":73,"column":6},"end":{"line":73,"column":34}},"40":{"start":{"line":74,"column":6},"end":{"line":74,"column":37}},"41":{"start":{"line":75,"column":6},"end":{"line":75,"column":81}},"42":{"start":{"line":76,"column":6},"end":{"line":76,"column":42}},"43":{"start":{"line":77,"column":6},"end":{"line":77,"column":71}},"44":{"start":{"line":78,"column":6},"end":{"line":78,"column":67}},"45":{"start":{"line":79,"column":6},"end":{"line":79,"column":76}},"46":{"start":{"line":80,"column":6},"end":{"line":80,"column":79}},"47":{"start":{"line":81,"column":6},"end":{"line":81,"column":77}},"48":{"start":{"line":82,"column":6},"end":{"line":82,"column":58}},"49":{"start":{"line":83,"column":6},"end":{"line":83,"column":52}},"50":{"start":{"line":84,"column":6},"end":{"line":84,"column":55}},"51":{"start":{"line":85,"column":6},"end":{"line":85,"column":13}},"52":{"start":{"line":88,"column":2},"end":{"line":105,"column":5}},"53":{"start":{"line":89,"column":19},"end":{"line":97,"column":5}},"54":{"start":{"line":98,"column":4},"end":{"line":104,"column":7}},"55":{"start":{"line":99,"column":6},"end":{"line":99,"column":34}},"56":{"start":{"line":100,"column":6},"end":{"line":100,"column":37}},"57":{"start":{"line":101,"column":6},"end":{"line":101,"column":47}},"58":{"start":{"line":102,"column":6},"end":{"line":102,"column":60}},"59":{"start":{"line":103,"column":6},"end":{"line":103,"column":13}},"60":{"start":{"line":106,"column":2},"end":{"line":122,"column":5}},"61":{"start":{"line":107,"column":19},"end":{"line":115,"column":5}},"62":{"start":{"line":116,"column":4},"end":{"line":121,"column":7}},"63":{"start":{"line":117,"column":6},"end":{"line":117,"column":34}},"64":{"start":{"line":118,"column":6},"end":{"line":118,"column":37}},"65":{"start":{"line":119,"column":6},"end":{"line":119,"column":95}},"66":{"start":{"line":120,"column":6},"end":{"line":120,"column":13}},"67":{"start":{"line":123,"column":2},"end":{"line":130,"column":5}},"68":{"start":{"line":124,"column":4},"end":{"line":129,"column":7}},"69":{"start":{"line":125,"column":6},"end":{"line":125,"column":34}},"70":{"start":{"line":126,"column":6},"end":{"line":126,"column":37}},"71":{"start":{"line":127,"column":6},"end":{"line":127,"column":76}},"72":{"start":{"line":128,"column":6},"end":{"line":128,"column":13}}},"fnMap":{"0":{"name":"_interopRequireDefault","decl":{"start":{"line":15,"column":9},"end":{"line":15,"column":31}},"loc":{"start":{"line":15,"column":37},"end":{"line":15,"column":95}},"line":15},"1":{"name":"(anonymous_1)","decl":{"start":{"line":20,"column":37},"end":{"line":20,"column":38}},"loc":{"start":{"line":20,"column":49},"end":{"line":60,"column":1}},"line":20},"2":{"name":"(anonymous_2)","decl":{"start":{"line":21,"column":78},"end":{"line":21,"column":79}},"loc":{"start":{"line":21,"column":94},"end":{"line":33,"column":3}},"line":21},"3":{"name":"(anonymous_3)","decl":{"start":{"line":26,"column":94},"end":{"line":26,"column":95}},"loc":{"start":{"line":26,"column":114},"end":{"line":32,"column":5}},"line":26},"4":{"name":"(anonymous_4)","decl":{"start":{"line":34,"column":94},"end":{"line":34,"column":95}},"loc":{"start":{"line":34,"column":110},"end":{"line":46,"column":3}},"line":34},"5":{"name":"(anonymous_5)","decl":{"start":{"line":39,"column":95},"end":{"line":39,"column":96}},"loc":{"start":{"line":39,"column":115},"end":{"line":45,"column":5}},"line":39},"6":{"name":"(anonymous_6)","decl":{"start":{"line":47,"column":92},"end":{"line":47,"column":93}},"loc":{"start":{"line":47,"column":108},"end":{"line":59,"column":3}},"line":47},"7":{"name":"(anonymous_7)","decl":{"start":{"line":52,"column":95},"end":{"line":52,"column":96}},"loc":{"start":{"line":52,"column":115},"end":{"line":58,"column":5}},"line":52},"8":{"name":"(anonymous_8)","decl":{"start":{"line":61,"column":33},"end":{"line":61,"column":34}},"loc":{"start":{"line":61,"column":45},"end":{"line":131,"column":1}},"line":61},"9":{"name":"(anonymous_9)","decl":{"start":{"line":62,"column":88},"end":{"line":62,"column":89}},"loc":{"start":{"line":62,"column":104},"end":{"line":87,"column":3}},"line":62},"10":{"name":"(anonymous_10)","decl":{"start":{"line":72,"column":88},"end":{"line":72,"column":89}},"loc":{"start":{"line":72,"column":108},"end":{"line":86,"column":5}},"line":72},"11":{"name":"(anonymous_11)","decl":{"start":{"line":88,"column":69},"end":{"line":88,"column":70}},"loc":{"start":{"line":88,"column":85},"end":{"line":105,"column":3}},"line":88},"12":{"name":"(anonymous_12)","decl":{"start":{"line":98,"column":89},"end":{"line":98,"column":90}},"loc":{"start":{"line":98,"column":109},"end":{"line":104,"column":5}},"line":98},"13":{"name":"(anonymous_13)","decl":{"start":{"line":106,"column":67},"end":{"line":106,"column":68}},"loc":{"start":{"line":106,"column":83},"end":{"line":122,"column":3}},"line":106},"14":{"name":"(anonymous_14)","decl":{"start":{"line":116,"column":89},"end":{"line":116,"column":90}},"loc":{"start":{"line":116,"column":109},"end":{"line":121,"column":5}},"line":116},"15":{"name":"(anonymous_15)","decl":{"start":{"line":123,"column":52},"end":{"line":123,"column":53}},"loc":{"start":{"line":123,"column":68},"end":{"line":130,"column":3}},"line":123},"16":{"name":"(anonymous_16)","decl":{"start":{"line":124,"column":55},"end":{"line":124,"column":56}},"loc":{"start":{"line":124,"column":75},"end":{"line":129,"column":5}},"line":124}},"branchMap":{"0":{"loc":{"start":{"line":15,"column":46},"end":{"line":15,"column":92}},"type":"cond-expr","locations":[{"start":{"line":15,"column":70},"end":{"line":15,"column":73}},{"start":{"line":15,"column":76},"end":{"line":15,"column":92}}],"line":15},"1":{"loc":{"start":{"line":15,"column":46},"end":{"line":15,"column":67}},"type":"binary-expr","locations":[{"start":{"line":15,"column":46},"end":{"line":15,"column":49}},{"start":{"line":15,"column":53},"end":{"line":15,"column":67}}],"line":15}},"s":{"0":1,"1":1,"2":1,"3":1,"4":1,"5":1,"6":3,"7":1,"8":1,"9":1,"10":1,"11":1,"12":1,"13":1,"14":1,"15":1,"16":1,"17":1,"18":1,"19":1,"20":1,"21":1,"22":1,"23":1,"24":1,"25":1,"26":1,"27":1,"28":1,"29":1,"30":1,"31":1,"32":1,"33":1,"34":1,"35":1,"36":1,"37":1,"38":1,"39":1,"40":1,"41":1,"42":1,"43":1,"44":1,"45":1,"46":1,"47":1,"48":1,"49":1,"50":1,"51":1,"52":1,"53":1,"54":1,"55":1,"56":1,"57":1,"58":1,"59":1,"60":1,"61":1,"62":1,"63":1,"64":1,"65":1,"66":1,"67":1,"68":1,"69":1,"70":0,"71":0,"72":0},"f":{"0":3,"1":1,"2":1,"3":1,"4":1,"5":1,"6":1,"7":1,"8":1,"9":1,"10":1,"11":1,"12":1,"13":1,"14":1,"15":1,"16":1},"b":{"0":[0,3],"1":[3,3]},"_coverageSchema":"332fd63041d2c1bcb487cc26dd0d5f7d97098a6c","hash":"4450f56aa32028ffa0a04754cd9cc54e510b2170","contentHash":"c86a63044b2b063b4215217e80b1f941_11.6.0"},"C:\\Users\\udochukwu\\Desktop\\we-connect\\server\\src\\tests\\UserValidationTest\\UserValidationTest.js":{"path":"C:\\Users\\udochukwu\\Desktop\\we-connect\\server\\src\\tests\\UserValidationTest\\UserValidationTest.js","statementMap":{"0":{"start":{"line":3,"column":12},"end":{"line":3,"column":27}},"1":{"start":{"line":5,"column":13},"end":{"line":5,"column":42}},"2":{"start":{"line":7,"column":16},"end":{"line":7,"column":36}},"3":{"start":{"line":9,"column":17},"end":{"line":9,"column":50}},"4":{"start":{"line":11,"column":11},"end":{"line":11,"column":31}},"5":{"start":{"line":13,"column":12},"end":{"line":13,"column":40}},"6":{"start":{"line":15,"column":39},"end":{"line":15,"column":93}},"7":{"start":{"line":17,"column":13},"end":{"line":17,"column":36}},"8":{"start":{"line":18,"column":0},"end":{"line":18,"column":39}},"9":{"start":{"line":19,"column":0},"end":{"line":19,"column":30}},"10":{"start":{"line":20,"column":0},"end":{"line":84,"column":3}},"11":{"start":{"line":21,"column":2},"end":{"line":43,"column":5}},"12":{"start":{"line":22,"column":18},"end":{"line":29,"column":5}},"13":{"start":{"line":30,"column":4},"end":{"line":42,"column":7}},"14":{"start":{"line":31,"column":6},"end":{"line":31,"column":34}},"15":{"start":{"line":32,"column":6},"end":{"line":32,"column":37}},"16":{"start":{"line":33,"column":6},"end":{"line":33,"column":72}},"17":{"start":{"line":34,"column":6},"end":{"line":34,"column":59}},"18":{"start":{"line":35,"column":6},"end":{"line":35,"column":67}},"19":{"start":{"line":36,"column":6},"end":{"line":36,"column":68}},"20":{"start":{"line":37,"column":6},"end":{"line":37,"column":83}},"21":{"start":{"line":38,"column":6},"end":{"line":38,"column":72}},"22":{"start":{"line":39,"column":6},"end":{"line":39,"column":73}},"23":{"start":{"line":40,"column":6},"end":{"line":40,"column":75}},"24":{"start":{"line":41,"column":6},"end":{"line":41,"column":13}},"25":{"start":{"line":44,"column":2},"end":{"line":67,"column":5}},"26":{"start":{"line":45,"column":18},"end":{"line":52,"column":5}},"27":{"start":{"line":53,"column":4},"end":{"line":66,"column":7}},"28":{"start":{"line":54,"column":6},"end":{"line":54,"column":34}},"29":{"start":{"line":55,"column":6},"end":{"line":55,"column":37}},"30":{"start":{"line":56,"column":6},"end":{"line":56,"column":72}},"31":{"start":{"line":57,"column":6},"end":{"line":57,"column":59}},"32":{"start":{"line":58,"column":6},"end":{"line":58,"column":67}},"33":{"start":{"line":59,"column":6},"end":{"line":59,"column":68}},"34":{"start":{"line":60,"column":6},"end":{"line":60,"column":108}},"35":{"start":{"line":61,"column":6},"end":{"line":61,"column":65}},"36":{"start":{"line":62,"column":6},"end":{"line":62,"column":99}},"37":{"start":{"line":63,"column":6},"end":{"line":63,"column":72}},"38":{"start":{"line":64,"column":6},"end":{"line":64,"column":75}},"39":{"start":{"line":65,"column":6},"end":{"line":65,"column":13}},"40":{"start":{"line":68,"column":2},"end":{"line":83,"column":5}},"41":{"start":{"line":69,"column":18},"end":{"line":76,"column":5}},"42":{"start":{"line":77,"column":4},"end":{"line":82,"column":7}},"43":{"start":{"line":78,"column":6},"end":{"line":78,"column":34}},"44":{"start":{"line":79,"column":6},"end":{"line":79,"column":37}},"45":{"start":{"line":80,"column":6},"end":{"line":80,"column":117}},"46":{"start":{"line":81,"column":6},"end":{"line":81,"column":13}}},"fnMap":{"0":{"name":"_interopRequireDefault","decl":{"start":{"line":15,"column":9},"end":{"line":15,"column":31}},"loc":{"start":{"line":15,"column":37},"end":{"line":15,"column":95}},"line":15},"1":{"name":"(anonymous_1)","decl":{"start":{"line":20,"column":39},"end":{"line":20,"column":40}},"loc":{"start":{"line":20,"column":51},"end":{"line":84,"column":1}},"line":20},"2":{"name":"(anonymous_2)","decl":{"start":{"line":21,"column":87},"end":{"line":21,"column":88}},"loc":{"start":{"line":21,"column":103},"end":{"line":43,"column":3}},"line":21},"3":{"name":"(anonymous_3)","decl":{"start":{"line":30,"column":88},"end":{"line":30,"column":89}},"loc":{"start":{"line":30,"column":108},"end":{"line":42,"column":5}},"line":30},"4":{"name":"(anonymous_4)","decl":{"start":{"line":44,"column":87},"end":{"line":44,"column":88}},"loc":{"start":{"line":44,"column":103},"end":{"line":67,"column":3}},"line":44},"5":{"name":"(anonymous_5)","decl":{"start":{"line":53,"column":88},"end":{"line":53,"column":89}},"loc":{"start":{"line":53,"column":108},"end":{"line":66,"column":5}},"line":53},"6":{"name":"(anonymous_6)","decl":{"start":{"line":68,"column":87},"end":{"line":68,"column":88}},"loc":{"start":{"line":68,"column":103},"end":{"line":83,"column":3}},"line":68},"7":{"name":"(anonymous_7)","decl":{"start":{"line":77,"column":88},"end":{"line":77,"column":89}},"loc":{"start":{"line":77,"column":108},"end":{"line":82,"column":5}},"line":77}},"branchMap":{"0":{"loc":{"start":{"line":15,"column":46},"end":{"line":15,"column":92}},"type":"cond-expr","locations":[{"start":{"line":15,"column":70},"end":{"line":15,"column":73}},{"start":{"line":15,"column":76},"end":{"line":15,"column":92}}],"line":15},"1":{"loc":{"start":{"line":15,"column":46},"end":{"line":15,"column":67}},"type":"binary-expr","locations":[{"start":{"line":15,"column":46},"end":{"line":15,"column":49}},{"start":{"line":15,"column":53},"end":{"line":15,"column":67}}],"line":15}},"s":{"0":1,"1":1,"2":1,"3":1,"4":1,"5":1,"6":3,"7":1,"8":1,"9":1,"10":1,"11":1,"12":1,"13":1,"14":1,"15":1,"16":1,"17":1,"18":1,"19":1,"20":1,"21":1,"22":1,"23":1,"24":1,"25":1,"26":1,"27":1,"28":1,"29":1,"30":1,"31":1,"32":1,"33":1,"34":1,"35":1,"36":1,"37":1,"38":1,"39":1,"40":1,"41":1,"42":1,"43":1,"44":1,"45":1,"46":1},"f":{"0":3,"1":1,"2":1,"3":1,"4":1,"5":1,"6":1,"7":1},"b":{"0":[0,3],"1":[3,3]},"_coverageSchema":"332fd63041d2c1bcb487cc26dd0d5f7d97098a6c","hash":"5effc772e0f2700cdfd2c9becb4b6f9eb48f5adf","contentHash":"c4592b3218a14b7c543b77080bb28c2e_11.6.0"}}